
Gurobi 12.0.1 (win64) logging started Sat Sep 13 12:18:33 2025

Set parameter LogFile to value "Z:\IESA-Opt\IESA-Opt-Dev_scope3\log/gurobi.log"
Passing model from AIMMS to GUROBI 12.0 required 17.11 seconds.
Set parameter IterationLimit to value 1e+100
Set parameter MIPGap to value 1e-13
Set parameter MIPGapAbs to value 0
Set parameter Crossover to value 0
Set parameter ConcurrentMethod to value 1
Set parameter LogToConsole to value 1
Set parameter Method to value 2
Set parameter NumericFocus to value 3
Set parameter OutputFlag to value 1
Set parameter DisplayInterval to value 2
Set parameter Presolve to value 1
Set parameter Aggregate to value 2
Set parameter AggFill to value 5
Set parameter PreDual to value 0
Set parameter PrePasses to value 2
Set parameter PreDepRow to value 1
Set parameter LPWarmStart to value 0
Set parameter BarConvTol to value 1e-07
Set parameter FeasibilityTol to value 1e-07
Set parameter OptimalityTol to value 1e-07
Set parameter TuneTimeLimit to value 1200

Solve problem 'LeastCostPlanning' with 8694473 rows, 5076584 columns, and 49327328 nonzeros.
Gurobi Optimizer version 12.0.1 build v12.0.1rc0 (win64 - Windows Server 2016.0 (14393.2))

CPU model: QEMU Virtual CPU version 2.5+, instruction set [SSE2]
Thread count: 48 physical cores, 48 logical processors, using up to 32 threads

Non-default parameters:
FeasibilityTol  1e-07
MIPGap  1e-13
MIPGapAbs  0
OptimalityTol  1e-07
Method  2
ConcurrentMethod  1
LPWarmStart  0
BarConvTol  1e-07
Crossover  0
Aggregate  2
AggFill  5
PreDual  0
DisplayInterval  2
NumericFocus  3
PreDepRow  1
PrePasses  2
Presolve  1
TuneTimeLimit  1200

Optimize a model with 8694473 rows, 5076584 columns and 49327328 nonzeros
Model fingerprint: 0x43476043
Coefficient statistics:
  Matrix range     [1e-09, 1e+02]
  Objective range  [5e-06, 1e+04]
  Bounds range     [0e+00, 0e+00]
  RHS range        [1e-16, 6e+03]
Presolve removed 0 rows and 0 columns (presolve time = 2s)...
Presolve removed 4057393 rows and 2336770 columns (presolve time = 4s)...
Presolve removed 4125504 rows and 2364710 columns (presolve time = 6s)...
Presolve removed 4178193 rows and 2364710 columns (presolve time = 10s)...
Presolve removed 4213483 rows and 2400000 columns (presolve time = 12s)...
Presolve removed 4572689 rows and 2751133 columns (presolve time = 26s)...
Presolve removed 4572756 rows and 2751170 columns (presolve time = 31s)...
Presolve removed 4572756 rows and 2751170 columns (presolve time = 32s)...
Presolve removed 4572756 rows and 2751170 columns (presolve time = 34s)...
Presolve removed 4572756 rows and 2751170 columns (presolve time = 36s)...
Presolve removed 4572756 rows and 2751170 columns (presolve time = 38s)...
Presolve removed 4623902 rows and 2758897 columns (presolve time = 41s)...
Presolve removed 4624271 rows and 2758903 columns (presolve time = 43s)...
Presolve removed 4625368 rows and 2760000 columns (presolve time = 45s)...
Presolve removed 4650587 rows and 2785217 columns (presolve time = 47s)...
Presolve removed 4672868 rows and 2785220 columns (presolve time = 49s)...
Presolve removed 4699148 rows and 2785220 columns
Presolve time: 50.63s
Presolved: 3995325 rows, 2317644 columns, 26462096 nonzeros
Elapsed ordering time = 6s
Elapsed ordering time = 6s
Elapsed ordering time = 8s
Elapsed ordering time = 10s
Elapsed ordering time = 17s
Elapsed ordering time = 22s
Elapsed ordering time = 24s
Elapsed ordering time = 26s
Elapsed ordering time = 37s
Elapsed ordering time = 39s
Elapsed ordering time = 40s
Elapsed ordering time = 42s
Elapsed ordering time = 44s
Elapsed ordering time = 46s
Elapsed ordering time = 48s
Elapsed ordering time = 50s
Elapsed ordering time = 52s
Elapsed ordering time = 54s
Ordering time: 57.39s

Barrier statistics:
 Dense cols : 800
 Free vars  : 17520
 AA' NZ     : 4.185e+07
 Factor NZ  : 1.180e+08 (roughly 3.5 GB of memory)
 Factor Ops : 7.405e+10 (roughly 1 second per iteration)
 Threads    : 32

                  Objective                Residual
Iter       Primal          Dual         Primal    Dual     Compl     Time
   0   2.56228435e+09 -2.37181756e+10  3.01e+06 1.42e+04  4.95e+07   125s
   1   2.53004060e+09 -2.39823042e+10  2.95e+06 1.40e+04  4.85e+07   135s
   2   2.49356206e+09 -2.53516237e+10  2.89e+06 1.36e+04  4.75e+07   149s
   3   2.39448618e+09 -3.16901060e+10  2.76e+06 1.27e+04  4.51e+07   167s
   4   2.30727881e+09 -4.00771150e+10  2.67e+06 1.19e+04  4.31e+07   181s
   5   2.26307250e+09 -5.23239245e+10  2.62e+06 1.13e+04  4.23e+07   194s
   6   2.09473587e+09 -1.19139138e+11  2.43e+06 8.91e+03  3.92e+07   216s
   7   1.71019972e+09 -2.14920741e+11  1.98e+06 5.94e+03  3.19e+07   247s
   8   1.19689136e+09 -3.57690365e+11  1.39e+06 2.07e+03  2.25e+07   270s
   9   4.19178457e+08 -4.12695004e+11  4.82e+05 5.22e+02  8.05e+06   291s
  10   1.68014184e+08 -3.88067914e+11  1.90e+05 1.69e+02  3.24e+06   317s
  11   1.40145746e+08 -3.72334896e+11  1.57e+05 1.31e+02  2.70e+06   330s
  12   1.22657578e+08 -3.46615944e+11  1.37e+05 9.05e+01  2.36e+06   339s
  13   8.75067108e+07 -3.18881642e+11  9.59e+04 6.02e+01  1.67e+06   348s
  14   7.41528542e+07 -2.87782197e+11  8.04e+04 3.72e+01  1.41e+06   358s
  15   6.63971416e+07 -2.71455740e+11  7.14e+04 2.89e+01  1.25e+06   368s
  16   6.15075398e+07 -2.62403188e+11  6.57e+04 2.54e+01  1.14e+06   381s
  17   5.82634796e+07 -2.53951427e+11  6.20e+04 2.27e+01  1.08e+06   391s
  18   5.08108133e+07 -2.41670152e+11  5.33e+04 1.90e+01  9.28e+05   400s
  19   4.79586366e+07 -2.24882094e+11  5.00e+04 1.47e+01  8.64e+05   414s
  20   4.29405183e+07 -2.10391837e+11  4.42e+04 1.17e+01  7.62e+05   433s
  21   3.60293590e+07 -1.88872583e+11  3.62e+04 8.36e+00  6.24e+05   452s
  22   3.23338123e+07 -1.73384277e+11  3.20e+04 6.59e+00  5.50e+05   470s
  23   2.66389257e+07 -1.60816792e+11  2.55e+04 5.31e+00  4.40e+05   488s
  24   2.23335609e+07 -1.46267638e+11  2.07e+04 4.18e+00  3.57e+05   506s
  25   1.93866731e+07 -1.34676319e+11  1.74e+04 3.43e+00  3.01e+05   532s
  26   1.79258570e+07 -1.17320199e+11  1.57e+04 2.41e+00  2.69e+05   550s
  27   1.64051128e+07 -1.06121512e+11  1.41e+04 1.86e+00  2.38e+05   568s
  28   1.47187871e+07 -9.76777164e+10  1.22e+04 1.52e+00  2.06e+05   587s
  29   1.29501888e+07 -9.03225104e+10  1.03e+04 1.26e+00  1.74e+05   609s
  30   1.19934726e+07 -7.91612058e+10  9.22e+03 9.26e-01  1.54e+05   627s
  31   1.11779167e+07 -7.46945315e+10  8.31e+03 8.10e-01  1.39e+05   645s
  32   1.05285384e+07 -7.12059858e+10  7.58e+03 7.31e-01  1.27e+05   673s
  33   9.73236161e+06 -6.85593880e+10  6.70e+03 6.77e-01  1.13e+05   692s
  34   9.28622417e+06 -6.27506117e+10  6.19e+03 5.61e-01  1.04e+05   710s
  35   8.60648304e+06 -5.60055759e+10  5.41e+03 4.36e-01  8.98e+04   729s
  36   7.97346704e+06 -5.09362091e+10  4.67e+03 3.58e-01  7.74e+04   756s
  37   7.49482036e+06 -4.69571451e+10  4.11e+03 3.02e-01  6.79e+04   780s
  38   7.30353860e+06 -4.34534686e+10  3.89e+03 2.56e-01  6.36e+04   818s
  39   7.13572122e+06 -4.16725543e+10  3.70e+03 2.35e-01  6.02e+04   852s
  40   6.72662335e+06 -3.82493292e+10  3.23e+03 1.97e-01  5.25e+04   879s
  41   6.59712888e+06 -3.61075304e+10  3.08e+03 1.75e-01  4.97e+04   910s
  42   6.48540326e+06 -3.30963795e+10  2.95e+03 1.47e-01  4.69e+04   958s
  43   6.16735460e+06 -3.04003053e+10  2.60e+03 1.27e-01  4.13e+04   994s
  44   5.92444804e+06 -2.85125899e+10  2.33e+03 1.12e-01  3.70e+04  1027s
  45   5.84044195e+06 -2.71313571e+10  2.24e+03 1.04e-01  3.54e+04  1048s
  46   5.62580240e+06 -2.55326011e+10  2.01e+03 9.40e-02  3.19e+04  1075s
  47   5.42725750e+06 -2.42449303e+10  1.80e+03 8.49e-02  2.86e+04  1109s
  48   5.15470294e+06 -2.31853799e+10  1.51e+03 7.82e-02  2.43e+04  1134s
  49   5.11191675e+06 -2.21380843e+10  1.46e+03 7.29e-02  2.35e+04  1178s
  50   4.89335258e+06 -2.12236967e+10  1.24e+03 6.77e-02  2.02e+04  1205s
  51   4.73928131e+06 -1.98675980e+10  1.08e+03 6.05e-02  1.78e+04  1231s
  52   4.59611360e+06 -1.66271035e+10  9.53e+02 4.38e-02  1.52e+04  1266s
  53   4.45123091e+06 -1.48910863e+10  8.17e+02 3.59e-02  1.30e+04  1283s
  54   4.38025143e+06 -1.39704272e+10  7.53e+02 3.20e-02  1.19e+04  1326s
  55   4.33042900e+06 -1.28271413e+10  7.09e+02 2.75e-02  1.10e+04  1345s
  56   4.19884489e+06 -1.24424708e+10  5.98e+02 2.61e-02  9.51e+03  1380s
  57   4.15467536e+06 -1.16904222e+10  5.63e+02 2.34e-02  8.87e+03  1405s
  58   4.07606386e+06 -1.12384074e+10  5.01e+02 2.20e-02  7.99e+03  1432s
  59   4.03121861e+06 -1.10931153e+10  4.66e+02 2.15e-02  7.52e+03  1468s
  60   3.99158345e+06 -1.01377197e+10  4.35e+02 1.86e-02  6.90e+03  1492s
  61   3.97813959e+06 -9.72147288e+09  4.25e+02 1.74e-02  6.68e+03  1521s
  62   3.91630345e+06 -9.69496698e+09  3.78e+02 1.73e-02  6.11e+03  1560s
  63   3.89035470e+06 -8.94041032e+09  3.59e+02 1.52e-02  5.69e+03  1591s
  64   3.86497021e+06 -8.47065908e+09  3.41e+02 1.40e-02  5.36e+03  1629s
  65   3.81566331e+06 -7.78937387e+09  3.07e+02 1.23e-02  4.80e+03  1658s
  66   3.80162501e+06 -7.22859153e+09  2.98e+02 1.11e-02  4.58e+03  1688s
  67   3.78604250e+06 -6.97626165e+09  2.88e+02 1.07e-02  4.43e+03  1716s
  68   3.76875289e+06 -6.85726876e+09  2.78e+02 1.05e-02  4.28e+03  1741s
  69   3.75514936e+06 -6.52984382e+09  2.70e+02 9.84e-03  4.12e+03  1765s
  70   3.72880174e+06 -6.34531868e+09  2.55e+02 9.44e-03  3.91e+03  1800s
  71   3.70763193e+06 -6.11394706e+09  2.43e+02 8.84e-03  3.71e+03  1819s
  72   3.67105138e+06 -5.21599467e+09  2.22e+02 7.65e-03  3.26e+03  1842s
  73   3.64662126e+06 -4.93825600e+09  2.09e+02 6.98e-03  3.04e+03  1874s
  74   3.62761492e+06 -4.74591516e+09  1.99e+02 6.57e-03  2.89e+03  1911s
  75   3.60042849e+06 -4.26962721e+09  1.85e+02 5.55e-03  2.63e+03  1949s
  76   3.57470295e+06 -4.18133844e+09  1.72e+02 5.38e-03  2.48e+03  1979s
  77   3.53123431e+06 -4.04295068e+09  1.51e+02 5.09e-03  2.22e+03  2017s
  78   3.51485736e+06 -3.78415458e+09  1.43e+02 4.62e-03  2.08e+03  2054s
  79   3.46318033e+06 -3.19302751e+09  1.19e+02 3.52e-03  1.70e+03  2097s
  80   3.41264727e+06 -2.91709653e+09  9.85e+01 3.08e-03  1.44e+03  2134s
  81   3.38587633e+06 -2.81285204e+09  8.82e+01 2.93e-03  1.31e+03  2157s
  82   3.36966622e+06 -2.50125456e+09  8.25e+01 2.56e-03  1.19e+03  2176s
  83   3.35020442e+06 -2.32871848e+09  7.66e+01 2.06e-03  1.09e+03  2202s
  84   3.29101663e+06 -1.91974051e+09  6.09e+01 2.22e-03  8.57e+02  2230s
  85   3.24626628e+06 -1.68210966e+09  5.25e+01 1.85e-03  7.32e+02  2272s
  86   3.18322688e+06 -1.41960212e+09  4.40e+01 1.44e-03  6.01e+02  2295s
  87   3.09439461e+06 -1.13178289e+09  3.29e+01 1.05e-03  4.48e+02  2324s
  88   3.02620102e+06 -9.18365859e+08  2.59e+01 8.06e-04  3.48e+02  2344s
  89   2.99451540e+06 -8.05991383e+08  2.29e+01 6.62e-04  3.02e+02  2364s
  90   2.93139295e+06 -6.46819853e+08  1.81e+01 3.50e-04  2.32e+02  2403s
  91   2.91097865e+06 -6.10205231e+08  1.67e+01 3.25e-04  2.15e+02  2421s
  92   2.89737541e+06 -5.39305032e+08  1.58e+01 2.78e-04  1.94e+02  2443s
  93   2.79863244e+06 -4.77913758e+08  1.02e+01 2.38e-04  1.45e+02  2470s
  94   2.68835162e+06 -3.41215496e+08  5.75e+00 1.55e-04  9.07e+01  2496s
  95   2.65341140e+06 -2.56434866e+08  4.97e+00 1.11e-04  7.02e+01  2527s
  96   2.63993928e+06 -2.01702158e+08  4.71e+00 8.39e-05  5.80e+01  2562s
  97   2.55818032e+06 -1.65025057e+08  3.49e+00 6.61e-05  4.48e+01  2588s
  98   2.42751228e+06 -1.07410627e+08  2.38e+00 3.94e-05  2.87e+01  2616s
  99   2.36474129e+06 -8.62473459e+07  1.93e+00 3.08e-05  2.29e+01  2648s
 100   2.35405286e+06 -7.51020195e+07  1.87e+00 2.65e-05  2.06e+01  2675s
 101   2.33845382e+06 -6.65498688e+07  1.80e+00 2.34e-05  1.89e+01  2708s
 102   2.32290942e+06 -6.58365936e+07  1.74e+00 2.32e-05  1.85e+01  2733s
 103   2.30349005e+06 -5.81086811e+07  1.65e+00 2.02e-05  1.67e+01  2777s
 104   2.29902115e+06 -5.52895387e+07  1.64e+00 1.92e-05  1.60e+01  2819s
 105   2.27373803e+06 -5.30242698e+07  1.54e+00 1.83e-05  1.52e+01  2862s
 106   2.24884559e+06 -4.38397929e+07  1.48e+00 1.49e-05  1.32e+01  2902s
 107   2.17949193e+06 -4.10627142e+07  1.31e+00 1.39e-05  1.21e+01  2941s
 108   2.05332988e+06 -3.23137423e+07  9.72e-01 1.05e-05  9.20e+00  2976s
 109   1.97566364e+06 -2.76372229e+07  8.28e-01 8.94e-06  7.81e+00  3024s
 110   1.95047495e+06 -2.53641921e+07  7.85e-01 8.20e-06  7.22e+00  3087s
 111   1.86493325e+06 -2.39819353e+07  6.45e-01 7.75e-06  6.47e+00  3160s
 112   1.81111700e+06 -1.95097087e+07  5.66e-01 6.26e-06  5.39e+00  3234s
 113   1.78971462e+06 -1.79017630e+07  5.35e-01 2.65e-05  5.00e+00  3299s
 114   1.74970783e+06 -1.54365151e+07  4.81e-01 8.78e-05  4.39e+00  3363s
 115   1.72161324e+06 -1.38112889e+07  4.46e-01 6.73e-05  3.98e+00  3404s
 116   1.68195770e+06 -1.26186937e+07  3.95e-01 2.00e-05  3.59e+00  3447s
 117   1.65345818e+06 -1.07155876e+07  3.64e-01 3.64e-04  3.16e+00  3518s
 118   1.59482640e+06 -8.68838570e+06  3.06e-01 2.83e-06  2.62e+00  3564s
 119   1.57341698e+06 -7.62979643e+06  2.82e-01 2.51e-06  2.36e+00  3607s
 120   1.52525104e+06 -6.40900266e+06  2.33e-01 2.16e-06  1.99e+00  3661s
 121   1.48569491e+06 -5.49342395e+06  1.89e-01 1.88e-06  1.70e+00  3720s
 122   1.47368324e+06 -4.85064002e+06  1.77e-01 2.40e-06  1.55e+00  3768s
 123   1.45321187e+06 -4.28322305e+06  1.58e-01 2.30e-06  1.38e+00  3824s
 124   1.42548880e+06 -3.87514696e+06  1.32e-01 2.19e-06  1.24e+00  3891s
 125   1.41881851e+06 -2.90420572e+06  1.26e-01 5.58e-06  1.05e+00  3956s
 126   1.41247462e+06 -2.52864415e+06  1.21e-01 7.21e-06  9.65e-01  3994s
 127   1.39763071e+06 -2.11452111e+06  1.08e-01 6.45e-06  8.54e-01  4029s
 128   1.38357741e+06 -1.69681360e+06  9.64e-02 6.20e-06  7.49e-01  4070s
 129   1.37727562e+06 -1.62220340e+06  9.17e-02 6.27e-06  7.22e-01  4136s
 130   1.36148849e+06 -1.38997857e+06  8.15e-02 5.91e-06  6.53e-01  4175s
 131   1.34422851e+06 -1.18753556e+06  7.09e-02 5.19e-06  5.89e-01  4209s
 132   1.33834277e+06 -1.07890331e+06  6.83e-02 5.09e-06  5.64e-01  4255s
 133   1.33310517e+06 -1.00562398e+06  6.59e-02 5.18e-06  5.45e-01  4314s
 134   1.32031713e+06 -8.78402134e+05  6.06e-02 5.00e-06  5.08e-01  4355s
 135   1.31613184e+06 -7.97427233e+05  5.90e-02 4.86e-06  4.90e-01  4399s
 136   1.31134491e+06 -7.09397775e+05  5.72e-02 4.49e-06  4.70e-01  4445s
 137   1.30524303e+06 -6.17003263e+05  5.49e-02 4.44e-06  4.48e-01  4494s
 138   1.29695012e+06 -4.94978474e+05  5.20e-02 4.08e-06  4.18e-01  4542s
 139   1.28581874e+06 -4.07885921e+05  4.85e-02 4.06e-06  3.93e-01  4584s
 140   1.28219707e+06 -3.50675493e+05  4.75e-02 3.82e-06  3.81e-01  4629s
 141   1.27494736e+06 -3.04998249e+05  4.57e-02 3.99e-06  3.68e-01  4684s
 142   1.26782632e+06 -2.18249098e+05  4.40e-02 2.33e-06  3.48e-01  4738s
 143   1.25818177e+06 -1.55497838e+05  4.19e-02 3.21e-06  3.30e-01  4784s
 144   1.25150423e+06 -1.04674653e+05  4.05e-02 3.06e-06  3.17e-01  4833s
 145   1.24030147e+06 -2.96244395e+04  3.78e-02 5.23e-06  2.96e-01  4888s
 146   1.23137267e+06  4.99609169e+04  3.60e-02 8.44e-06  2.77e-01  4924s
 147   1.22789545e+06  8.32880923e+04  3.53e-02 7.21e-06  2.69e-01  4943s
 148   1.22167214e+06  9.62550378e+04  3.40e-02 6.85e-06  2.63e-01  4970s
 149   1.21311031e+06  1.49693777e+05  3.24e-02 4.74e-06  2.49e-01  4988s
 150   1.20013742e+06  1.71044861e+05  3.00e-02 3.93e-06  2.37e-01  5005s
 151   1.18920511e+06  1.99083112e+05  2.82e-02 3.74e-06  2.27e-01  5028s
 152   1.18797875e+06  2.27063585e+05  2.79e-02 4.06e-06  2.21e-01  5049s
 153   1.18411919e+06  2.54508494e+05  2.72e-02 4.22e-06  2.14e-01  5067s
 154   1.17765420e+06  2.82043316e+05  2.61e-02 4.29e-06  2.06e-01  5086s
 155   1.17501543e+06  3.17665323e+05  2.57e-02 3.29e-06  1.99e-01  5104s
 156   1.17137739e+06  3.38767327e+05  2.49e-02 3.10e-06  1.93e-01  5122s
 157   1.16666340e+06  3.46393509e+05  2.41e-02 3.08e-06  1.89e-01  5140s
 158   1.16202717e+06  4.03518943e+05  2.36e-02 3.03e-06  1.77e-01  5160s
 159   1.15400195e+06  4.26213728e+05  2.24e-02 3.13e-06  1.69e-01  5177s
 160   1.14691699e+06  4.46907866e+05  2.13e-02 2.81e-06  1.62e-01  5195s
 161   1.13992893e+06  4.67978091e+05  2.02e-02 2.99e-06  1.55e-01  5219s
 162   1.13159806e+06  4.86708301e+05  1.91e-02 3.44e-06  1.48e-01  5238s
 163   1.12987124e+06  5.18118285e+05  1.88e-02 2.81e-06  1.42e-01  5257s
 164   1.12465899e+06  5.45214396e+05  1.82e-02 3.14e-06  1.35e-01  5275s
 165   1.12043892e+06  5.65802192e+05  1.76e-02 2.76e-06  1.29e-01  5295s
 166   1.11566939e+06  5.80510516e+05  1.69e-02 2.67e-06  1.24e-01  5314s
 167   1.11458450e+06  5.87502175e+05  1.67e-02 2.63e-06  1.23e-01  5328s
 168   1.10950329e+06  6.04824499e+05  1.59e-02 2.47e-06  1.17e-01  5350s
 169   1.10612221e+06  6.26198356e+05  1.54e-02 2.32e-06  1.12e-01  5369s
 170   1.10078608e+06  6.48349381e+05  1.46e-02 2.19e-06  1.05e-01  5388s
 171   1.09548342e+06  6.70197550e+05  1.37e-02 2.08e-06  9.89e-02  5408s
 172   1.09198478e+06  6.75799891e+05  1.31e-02 2.05e-06  9.60e-02  5431s
 173   1.08724321e+06  6.77508317e+05  1.23e-02 2.04e-06  9.31e-02  5455s
 174   1.08634193e+06  6.89754730e+05  1.21e-02 1.96e-06  9.05e-02  5473s
 175   1.08147109e+06  6.98803784e+05  1.13e-02 1.90e-06  8.64e-02  5502s
 176   1.08025172e+06  7.16313794e+05  1.11e-02 1.79e-06  8.29e-02  5521s
 177   1.07540332e+06  7.27229426e+05  1.03e-02 2.05e-06  7.87e-02  5539s
 178   1.06750245e+06  7.36785957e+05  9.23e-03 1.97e-06  7.34e-02  5558s
 179   1.06415089e+06  7.50391167e+05  8.82e-03 1.94e-06  6.97e-02  5580s
 180   1.06244904e+06  7.61635647e+05  8.62e-03 2.81e-06  6.72e-02  5595s
 181   1.05781923e+06  7.72394046e+05  8.06e-03 3.78e-06  6.35e-02  5622s
 182   1.05515361e+06  7.78656487e+05  7.77e-03 4.26e-06  6.14e-02  5647s
 183   1.05008612e+06  7.83366905e+05  7.21e-03 4.93e-06  5.86e-02  5667s
 184   1.04723614e+06  7.96450510e+05  6.90e-03 5.96e-06  5.53e-02  5685s
 185   1.04312618e+06  8.06990143e+05  6.47e-03 9.41e-06  5.19e-02  5729s
 186   1.04206733e+06  8.13752113e+05  6.36e-03 7.50e-06  5.04e-02  5760s
 187   1.03930294e+06  8.24008550e+05  6.08e-03 5.73e-06  4.77e-02  5780s
 188   1.03672154e+06  8.29403237e+05  5.81e-03 5.78e-06  4.58e-02  5804s
 189   1.03340202e+06  8.33883218e+05  5.48e-03 5.48e-06  4.38e-02  5833s
 190   1.03034587e+06  8.40898683e+05  5.18e-03 5.10e-06  4.15e-02  5852s
 191   1.02807442e+06  8.45737479e+05  4.97e-03 5.18e-06  3.99e-02  5877s
 192   1.02544796e+06  8.57752587e+05  4.74e-03 4.11e-06  3.70e-02  5901s
 193   1.02072478e+06  8.62389988e+05  4.32e-03 4.91e-06  3.46e-02  5922s
 194   1.01903573e+06  8.67870424e+05  4.17e-03 1.28e-05  3.31e-02  5942s
 195   1.01581064e+06  8.76004395e+05  3.89e-03 3.18e-06  3.07e-02  5963s
 196   1.01508035e+06  8.76984190e+05  3.81e-03 3.65e-06  3.02e-02  5986s
 197   1.01356972e+06  8.83696125e+05  3.66e-03 1.02e-05  2.85e-02  6008s
 198   1.01155391e+06  8.87405115e+05  3.50e-03 1.54e-05  2.73e-02  6024s
 199   1.01016549e+06  8.91540370e+05  3.38e-03 2.02e-05  2.61e-02  6043s
 200   1.00739595e+06  8.95015735e+05  3.15e-03 2.32e-05  2.46e-02  6065s
 201   1.00520426e+06  8.97148772e+05  2.93e-03 2.00e-05  2.34e-02  6090s
 202   1.00377483e+06  9.04113636e+05  2.77e-03 1.70e-05  2.17e-02  6120s
 203   1.00166273e+06  9.08138765e+05  2.57e-03 1.97e-05  2.03e-02  6143s
 204   9.99585453e+05  9.13848630e+05  2.40e-03 1.50e-05  1.87e-02  6166s
 205   9.98516169e+05  9.17582949e+05  2.29e-03 3.27e-05  1.76e-02  6186s
 206   9.97526702e+05  9.19374557e+05  2.21e-03 4.60e-05  1.70e-02  6207s
 207   9.95142385e+05  9.20783437e+05  2.01e-03 4.92e-05  1.60e-02  6247s
 208   9.93671332e+05  9.24497993e+05  1.90e-03 4.41e-05  1.49e-02  6268s
 209   9.92874974e+05  9.26844181e+05  1.84e-03 7.49e-05  1.43e-02  6289s
 210   9.92113420e+05  9.28919946e+05  1.79e-03 1.13e-04  1.37e-02  6317s
 211   9.90491526e+05  9.30221687e+05  1.64e-03 1.19e-04  1.30e-02  6347s
 212   9.89265514e+05  9.31845539e+05  1.56e-03 1.25e-04  1.23e-02  6381s
 213   9.87880360e+05  9.33169622e+05  1.46e-03 1.81e-04  1.17e-02  6408s
 214   9.87314607e+05  9.35006736e+05  1.42e-03 2.28e-04  1.12e-02  6442s
 215   9.85590751e+05  9.36265854e+05  1.29e-03 1.65e-04  1.05e-02  6460s
 216   9.84669753e+05  9.37500535e+05  1.23e-03 1.40e-04  1.00e-02  6477s
 217   9.83807119e+05  9.38388719e+05  1.19e-03 1.27e-04  9.64e-03  6500s
 218   9.82604430e+05  9.40995218e+05  1.11e-03 4.17e-05  8.86e-03  6520s
 219   9.80873902e+05  9.41971647e+05  9.86e-04 2.50e-05  8.18e-03  6560s
 220   9.80268200e+05  9.42523686e+05  9.46e-04 2.17e-05  7.92e-03  6591s
 221   9.79739516e+05  9.43647915e+05  9.10e-04 3.60e-05  7.58e-03  6606s
 222   9.79165850e+05  9.44549602e+05  8.72e-04 2.83e-05  7.26e-03  6626s
 223   9.78431227e+05  9.45534424e+05  8.26e-04 1.61e-05  6.89e-03  6659s
 224   9.77996816e+05  9.46905235e+05  7.99e-04 2.61e-05  6.54e-03  6692s
 225   9.77814060e+05  9.47574639e+05  7.87e-04 3.02e-05  6.37e-03  6729s
 226   9.76656149e+05  9.48570377e+05  7.13e-04 4.62e-05  5.88e-03  6755s
 227   9.76342381e+05  9.49388628e+05  6.93e-04 4.18e-05  5.66e-03  6780s
 228   9.75911920e+05  9.49935715e+05  6.66e-04 3.81e-05  5.45e-03  6819s
 229   9.74990261e+05  9.50428366e+05  6.06e-04 2.81e-05  5.10e-03  6847s
 230   9.74233588e+05  9.51075848e+05  5.60e-04 2.64e-05  4.79e-03  6870s
 231   9.73864200e+05  9.51235872e+05  5.39e-04 2.58e-05  4.66e-03  6901s
 232   9.73295785e+05  9.51865328e+05  5.05e-04 4.08e-05  4.40e-03  6930s
 233   9.73092550e+05  9.52095346e+05  4.94e-04 4.29e-05  4.31e-03  6964s
 234   9.72472726e+05  9.52408757e+05  4.58e-04 4.38e-05  4.09e-03  6996s
 235   9.72104887e+05  9.53381202e+05  4.40e-04 3.68e-05  3.84e-03  7042s
 236   9.71745035e+05  9.54867345e+05  4.20e-04 2.21e-04  3.49e-03  7060s
 237   9.70662759e+05  9.55439475e+05  3.62e-04 2.35e-04  3.12e-03  7083s
 238   9.70347374e+05  9.55852246e+05  3.46e-04 3.60e-05  2.97e-03  7101s
 239   9.70125231e+05  9.56837624e+05  3.33e-04 1.58e-04  2.75e-03  7115s
 240   9.69864281e+05  9.57414597e+05  3.20e-04 3.95e-04  2.58e-03  7132s
 241   9.69509104e+05  9.57964632e+05  2.99e-04 8.75e-04  2.40e-03  7147s
 242   9.68742715e+05  9.58619087e+05  2.57e-04 1.03e-03  2.09e-03  7170s
 243   9.68358694e+05  9.58993741e+05  2.35e-04 8.00e-04  1.93e-03  7187s
 244   9.68044647e+05  9.59508299e+05  2.17e-04 1.30e-03  1.76e-03  7203s
 245   9.67706055e+05  9.59807767e+05  1.99e-04 1.56e-03  1.62e-03  7222s
 246   9.67474061e+05  9.59915884e+05  1.85e-04 1.44e-03  1.54e-03  7240s
 247   9.67271942e+05  9.60286388e+05  1.74e-04 1.82e-03  1.43e-03  7255s
 248   9.67208411e+05  9.60525694e+05  1.71e-04 1.39e-03  1.37e-03  7267s
 249   9.67016794e+05  9.60544952e+05  1.60e-04 1.44e-03  1.32e-03  7285s
 250   9.66861185e+05  9.60945074e+05  1.52e-04 1.80e-03  1.22e-03  7308s
 251   9.66592218e+05  9.61300566e+05  1.37e-04 1.17e-03  1.09e-03  7325s
 252   9.66372874e+05  9.61551907e+05  1.25e-04 1.79e-03  9.92e-04  7339s
 253   9.66197747e+05  9.61727983e+05  1.15e-04 1.23e-03  9.18e-04  7358s
 254   9.65934666e+05  9.61893863e+05  1.01e-04 1.15e-03  8.24e-04  7390s
 255   9.65672005e+05  9.62052290e+05  8.69e-05 3.13e-03  7.31e-04  7408s
 256   9.65494578e+05  9.62242331e+05  7.77e-05 2.59e-03  6.55e-04  7433s
 257   9.65409974e+05  9.62400839e+05  7.33e-05 1.57e-03  6.08e-04  7454s
 258   9.65304422e+05  9.62578347e+05  6.74e-05 6.62e-03  5.52e-04  7469s
 259   9.65144931e+05  9.62650478e+05  5.92e-05 7.92e-03  5.01e-04  7486s
 260   9.65069640e+05  9.62836984e+05  5.54e-05 1.54e-02  4.52e-04  7502s
 261   9.64979087e+05  9.62940892e+05  5.06e-05 1.77e-02  4.13e-04  7523s
 262   9.64868109e+05  9.63021674e+05  4.50e-05 2.40e-02  3.72e-04  7535s
 263   9.64728777e+05  9.63155851e+05  3.78e-05 2.71e-02  3.16e-04  7558s
 264   9.64652524e+05  9.63254470e+05  3.41e-05 1.52e-02  2.82e-04  7583s
 265   9.64542634e+05  9.63374066e+05  2.88e-05 5.63e-02  2.36e-04  7603s
 266   9.64393873e+05  9.63469501e+05  2.14e-05 8.30e-02  1.85e-04  7620s
 267   9.64366293e+05  9.63524222e+05  2.01e-05 1.06e-01  1.70e-04  7644s
 268   9.64309648e+05  9.63552709e+05  1.74e-05 1.02e-01  1.51e-04  7665s
 269   9.64288240e+05  9.63596820e+05  1.64e-05 9.03e-02  1.39e-04  7688s
 270   9.64225340e+05  9.63626653e+05  1.34e-05 8.30e-02  1.19e-04  7706s
 271   9.64187536e+05  9.63670440e+05  1.16e-05 7.08e-02  1.03e-04  7742s
 272   9.64166526e+05  9.63698359e+05  1.07e-05 6.35e-02  9.39e-05  7774s
 273   9.64145927e+05  9.63720124e+05  9.72e-06 5.73e-02  8.54e-05  7796s
 274   9.64132868e+05  9.63739311e+05  9.11e-06 5.19e-02  7.92e-05  7822s
 275   9.64115518e+05  9.63759472e+05  8.33e-06 4.61e-02  7.18e-05  7847s
 276   9.64099528e+05  9.63768279e+05  7.61e-06 4.36e-02  6.65e-05  7884s
 277   9.64086646e+05  9.63785352e+05  7.03e-06 3.89e-02  6.07e-05  7910s
 278   9.64069705e+05  9.63791109e+05  6.28e-06 3.73e-02  5.57e-05  7936s
 279   9.64062856e+05  9.63806449e+05  5.96e-06 3.30e-02  5.16e-05  7958s
 280   9.64046677e+05  9.63821180e+05  5.25e-06 2.85e-02  4.54e-05  7978s
 281   9.64034873e+05  9.63828003e+05  4.73e-06 2.80e-02  4.15e-05  8001s
 282   9.64026818e+05  9.63835643e+05  4.38e-06 2.46e-02  3.83e-05  8023s
 283   9.64020957e+05  9.63843248e+05  4.13e-06 2.32e-02  3.57e-05  8045s
 284   9.64017651e+05  9.63845892e+05  3.99e-06 2.24e-02  3.45e-05  8066s
 285   9.64011996e+05  9.63852498e+05  3.74e-06 2.19e-02  3.21e-05  8085s
 286   9.64006319e+05  9.63853924e+05  3.50e-06 2.15e-02  3.05e-05  8108s
 287   9.63994756e+05  9.63859140e+05  2.99e-06 2.06e-02  2.69e-05  8137s
 288   9.63992463e+05  9.63865731e+05  2.89e-06 1.72e-02  2.53e-05  8158s
 289   9.63986736e+05  9.63871278e+05  2.65e-06 1.68e-02  2.31e-05  8190s
 290   9.63983555e+05  9.63872785e+05  2.51e-06 1.64e-02  2.21e-05  8213s
 291   9.63981635e+05  9.63877389e+05  2.42e-06 1.49e-02  2.09e-05  8242s
 292   9.63976497e+05  9.63880782e+05  2.20e-06 1.38e-02  1.91e-05  8265s
 293   9.63973703e+05  9.63884435e+05  2.08e-06 1.25e-02  1.78e-05  8287s
 294   9.63971114e+05  9.63887025e+05  1.97e-06 1.18e-02  1.68e-05  8316s
 295   9.63967503e+05  9.63889811e+05  1.82e-06 1.08e-02  1.55e-05  8343s
 296   9.63966006e+05  9.63891538e+05  1.75e-06 1.03e-02  1.49e-05  8362s
 297   9.63963228e+05  9.63894046e+05  1.64e-06 1.04e-02  1.38e-05  8389s
 298   9.63960452e+05  9.63896239e+05  1.52e-06 1.06e-02  1.28e-05  8410s
 299   9.63958458e+05  9.63898762e+05  1.43e-06 1.04e-02  1.19e-05  8429s
 300   9.63956044e+05  9.63900431e+05  5.06e-04 1.19e-02  1.11e-05  8460s
 301   9.63952719e+05  9.63901425e+05  4.53e-04 1.35e-02  1.01e-05  8479s
 302   9.63951362e+05  9.63903607e+05  4.31e-04 1.65e-02  9.46e-06  8494s
 303   9.63949654e+05  9.63904959e+05  4.04e-04 1.81e-02  8.84e-06  8508s
 304   9.63947421e+05  9.63906342e+05  3.68e-04 1.91e-02  8.09e-06  8543s
 305   9.63945302e+05  9.63907682e+05  3.41e-04 2.05e-02  7.37e-06  8564s
 306   9.63944108e+05  9.63909143e+05  3.22e-04 2.16e-02  6.86e-06  8580s
 307   9.63942740e+05  9.63910232e+05  2.83e-04 2.22e-02  6.36e-06  8604s
 308   9.63941316e+05  9.63910942e+05  2.62e-04 2.25e-02  5.91e-06  8621s
 309   9.63940442e+05  9.63911727e+05  2.49e-04 2.29e-02  5.58e-06  8639s
 310   9.63939895e+05  9.63912327e+05  2.40e-04 2.28e-02  5.35e-06  8663s
 311   9.63939183e+05  9.63913496e+05  2.29e-04 2.26e-02  4.99e-06  8678s
 312   9.63938108e+05  9.63914128e+05  2.13e-04 2.27e-02  4.64e-06  8692s
 313   9.63937007e+05  9.63914607e+05  1.96e-04 2.25e-02  4.30e-06  8708s
 314   9.63936187e+05  9.63915303e+05  1.84e-04 2.20e-02  4.00e-06  8731s
 315   9.63935292e+05  9.63915714e+05  1.72e-04 2.16e-02  3.72e-06  8750s
 316   9.63934703e+05  9.63916120e+05  1.63e-04 2.13e-02  3.52e-06  8767s
 317   9.63934065e+05  9.63916388e+05  1.53e-04 2.00e-02  3.33e-06  8793s
 318   9.63933661e+05  9.63916617e+05  1.47e-04 1.98e-02  3.20e-06  8814s
 319   9.63932947e+05  9.63917502e+05  1.36e-04 1.88e-02  2.88e-06  8828s
 320   9.63931732e+05  9.63918407e+05  1.17e-04 1.76e-02  2.45e-06  8845s
 321   9.63930443e+05  9.63919001e+05  9.76e-05 1.42e-02  2.06e-06  8862s
 322   9.63929972e+05  9.63919321e+05  9.03e-05 1.25e-02  1.90e-06  8878s
 323   9.63929401e+05  9.63919737e+05  8.17e-05 1.02e-02  1.70e-06  8898s
 324   9.63928960e+05  9.63920082e+05  1.86e-04 9.64e-03  1.52e-06  8920s
 325   9.63928576e+05  9.63920331e+05  4.02e-04 9.16e-03  1.36e-06  8941s
 326   9.63927982e+05  9.63920590e+05  3.48e-04 8.60e-03  1.19e-06  8959s
 327   9.63927476e+05  9.63920789e+05  3.04e-04 8.04e-03  1.04e-06  8975s
 328   9.63927305e+05  9.63920911e+05  2.89e-04 7.41e-03  9.87e-07  8989s
 329   9.63926923e+05  9.63921118e+05  2.56e-04 6.22e-03  8.69e-07  9007s
 330   9.63926666e+05  9.63921223e+05  2.34e-04 5.73e-03  7.94e-07  9023s
 331   9.63926303e+05  9.63921384e+05  2.02e-04 4.94e-03  6.88e-07  9042s
 332   9.63925904e+05  9.63921592e+05  1.68e-04 3.91e-03  5.66e-07  9060s
 333   9.63925693e+05  9.63921725e+05  1.50e-04 3.30e-03  4.97e-07  9082s
 334   9.63925565e+05  9.63921806e+05  1.38e-04 2.92e-03  4.56e-07  9104s
 335   9.63925492e+05  9.63921889e+05  1.32e-04 2.53e-03  4.26e-07  9120s
 336   9.63925349e+05  9.63921953e+05  1.19e-04 2.24e-03  3.85e-07  9165s
 337   9.63925197e+05  9.63922037e+05  1.06e-04 1.84e-03  3.37e-07  9189s
 338   9.63924947e+05  9.63922155e+05  8.51e-05 1.25e-03  2.62e-07  9211s
 339   9.63924831e+05  9.63922212e+05  7.48e-05 9.89e-04  2.28e-07  9233s
 340   9.63924617e+05  9.63922239e+05  5.66e-05 8.69e-04  1.76e-07  9260s
 341   9.63924513e+05  9.63922285e+05  4.78e-05 8.39e-04  1.46e-07  9286s
 342   9.63924405e+05  9.63922316e+05  3.88e-05 6.59e-04  1.17e-07  9308s
 343   9.63924316e+05  9.63922325e+05  3.13e-05 6.96e-04  9.64e-08  9334s
 344   9.63924238e+05  9.63922356e+05  2.45e-05 4.08e-04  7.44e-08  9358s
 345   9.63924134e+05  9.63922382e+05  1.55e-05 8.17e-04  4.76e-08  9379s
 346   9.63924099e+05  9.63922396e+05  1.25e-05 5.36e-04  3.77e-08  9410s
 347   9.63924011e+05  9.63922401e+05  6.18e-06 4.18e-04  2.06e-08  9423s
 348   9.63923991e+05  9.63922411e+05  4.06e-06 2.73e-04  1.36e-08  9436s
 349   9.63923983e+05  9.63922415e+05  3.33e-06 1.67e-04  1.08e-08  9448s
 350   9.63923969e+05  9.63922419e+05  1.98e-06 1.02e-04  6.50e-09  9463s

Barrier solved model in 350 iterations and 9462.84 seconds (5699.11 work units)
Optimal objective 9.63923969e+05


User-callback calls 70148, time in user-callback 3.13 sec
