ReadList : Cell H7 in Types: Remaining rows are ignored after empty header cell.
ReadList : Cell H7 in Types: Remaining rows are ignored after empty header cell.
ReadList : Cell K23 in Types: Remaining rows are ignored after empty header cell.
ReadList : Cell A487 in Technologies: Remaining rows are ignored after empty header cell.
ReadList : Cell A487 in Technologies: Remaining rows are ignored after empty header cell.
ReadList : Cell A487 in Technologies: Remaining rows are ignored after empty header cell.
ReadList : Cell A487 in Technologies: Remaining rows are ignored after empty header cell.
ReadList : Cell A487 in Technologies: Remaining rows are ignored after empty header cell.
ReadList : Cell A487 in Technologies: Remaining rows are ignored after empty header cell.
ReadList : Cell A487 in Technologies: Remaining rows are ignored after empty header cell.
ReadTable : Cell A487 in Technologies: Remaining rows are ignored after empty header cell.
ReadList : Cell A487 in Technologies: Remaining rows are ignored after empty header cell.
ReadTable : Cell A487 in Technologies: Remaining rows are ignored after empty header cell.
ReadTable : Cell A487 in Technologies: Remaining rows are ignored after empty header cell.
ReadList : Cell A487 in Technologies: Remaining rows are ignored after empty header cell.
ReadList : Cell A487 in Technologies: Remaining rows are ignored after empty header cell.
ReadList : Cell A487 in Technologies: Remaining rows are ignored after empty header cell.
ReadList : Cell A487 in Technologies: Remaining rows are ignored after empty header cell.
ReadList : Cell A487 in Technologies: Remaining rows are ignored after empty header cell.
ReadList : Cell A487 in Technologies: Remaining rows are ignored after empty header cell.
ReadList : Cell A487 in Technologies: Remaining rows are ignored after empty header cell.
ReadList : Cell A487 in Technologies: Remaining rows are ignored after empty header cell.
ReadList : Cell A487 in Technologies: Remaining rows are ignored after empty header cell.
ReadList : Cell A487 in Technologies: Remaining rows are ignored after empty header cell.
ReadList : Cell A487 in Technologies: Remaining rows are ignored after empty header cell.
ReadList : Cell A487 in Technologies: Remaining rows are ignored after empty header cell.
ReadList : Cell A487 in Technologies: Remaining rows are ignored after empty header cell.
ReadList : Cell A487 in Technologies: Remaining rows are ignored after empty header cell.
ReadList : Cell A487 in Technologies: Remaining rows are ignored after empty header cell.
ReadList : Cell A487 in Technologies: Remaining rows are ignored after empty header cell.
ReadList : Cell A487 in Technologies: Remaining rows are ignored after empty header cell.
ReadList : Cell A487 in Technologies: Remaining rows are ignored after empty header cell.
ReadList : Cell A487 in Technologies: Remaining rows are ignored after empty header cell.
ReadList : Cell A487 in Technologies: Remaining rows are ignored after empty header cell.
ReadList : Cell A487 in Technologies: Remaining rows are ignored after empty header cell.
ReadList : Cell A487 in Technologies: Remaining rows are ignored after empty header cell.
ReadList : Cell A487 in Technologies: Remaining rows are ignored after empty header cell.
ReadList : Cell A487 in Technologies: Remaining rows are ignored after empty header cell.
ReadList : Cell A487 in Technologies: Remaining rows are ignored after empty header cell.
ReadList : Cell A487 in Technologies: Remaining rows are ignored after empty header cell.
ReadList : Cell A487 in Technologies: Remaining rows are ignored after empty header cell.
ReadList : Cell A487 in Technologies: Remaining rows are ignored after empty header cell.
ReadList : Cell A487 in Technologies: Remaining rows are ignored after empty header cell.
ReadList : Cell A487 in Technologies: Remaining rows are ignored after empty header cell.
ReadList : Cell A487 in Technologies: Remaining rows are ignored after empty header cell.
ReadList : Cell A487 in Technologies: Remaining rows are ignored after empty header cell.
ReadList : Cell A487 in Technologies: Remaining rows are ignored after empty header cell.
ReadList : Cell A487 in Technologies: Remaining rows are ignored after empty header cell.
ReadList : Cell A487 in Technologies: Remaining rows are ignored after empty header cell.
ReadTable : Cell A487 in Technologies: Remaining rows are ignored after empty header cell.
ReadTable : Cell A487 in Technologies: Remaining rows are ignored after empty header cell.
ReadTable : Cell A487 in Technologies: Remaining rows are ignored after empty header cell.
ReadTable : Cell A487 in Technologies: Remaining rows are ignored after empty header cell.
ReadTable : Cell A487 in Technologies: Remaining rows are ignored after empty header cell.
ReadTable : Cell A487 in Technologies: Remaining rows are ignored after empty header cell.
ReadTable : Cell A487 in Technologies: Remaining rows are ignored after empty header cell.
ReadTable : Cell A487 in EnergyBalance: Remaining rows are ignored after empty header cell.
ReadList : Cell A14 in Infrastructure: Remaining rows are ignored after empty header cell.
ReadList : Cell A14 in Infrastructure: Remaining rows are ignored after empty header cell.
ReadList : Cell A14 in Infrastructure: Remaining rows are ignored after empty header cell.
ReadList : Cell A14 in Infrastructure: Remaining rows are ignored after empty header cell.
ReadList : Cell A14 in Infrastructure: Remaining rows are ignored after empty header cell.
ReadList : Cell A14 in Infrastructure: Remaining rows are ignored after empty header cell.
ReadTable : Cell A14 in Infrastructure: Remaining rows are ignored after empty header cell.
ReadList : Cell A14 in Infrastructure: Remaining rows are ignored after empty header cell.
ReadTable : Cell A14 in Infrastructure: Remaining rows are ignored after empty header cell.
ReadList : Cell A14 in Infrastructure: Remaining rows are ignored after empty header cell.
ReadList : Cell A14 in Infrastructure: Remaining rows are ignored after empty header cell.
ReadList : Cell A14 in Infrastructure: Remaining rows are ignored after empty header cell.
ReadList : Cell A14 in Infrastructure: Remaining rows are ignored after empty header cell.
ReadList : Cell A14 in Infrastructure: Remaining rows are ignored after empty header cell.
ReadList : Cell A14 in Infrastructure: Remaining rows are ignored after empty header cell.
ReadList : Cell A14 in Infrastructure: Remaining rows are ignored after empty header cell.
ReadList : Cell A14 in Infrastructure: Remaining rows are ignored after empty header cell.
ReadTable : Cell A14 in Infrastructure: Remaining rows are ignored after empty header cell.
ReadTable : Cell A14 in Infrastructure: Remaining rows are ignored after empty header cell.
ReadTable : Cell A14 in Infrastructure: Remaining rows are ignored after empty header cell.
ReadTable : Cell K2 in PriceProfiles: Remaining columns are ignored after empty header cell.
ReadList : Cell A4 in ActGrouping: Remaining rows are ignored after empty header cell.
ReadList : Cell A4 in ActGrouping: Remaining rows are ignored after empty header cell.
ReadList : Cell A4 in ActGrouping: Remaining rows are ignored after empty header cell.
ReadList : Cell A4 in ActGrouping: Remaining rows are ignored after empty header cell.
ReadList : Cell A4 in ActGrouping: Remaining rows are ignored after empty header cell.
ReadTable : Cell H4 in ActGrouping: Remaining rows are ignored after empty header cell.
ReadList : Cell C68 in Feedstocks: Remaining rows are ignored after empty header cell.
Warning at line 41 in user-defined function section "SolveTransition".
The row "eco_decom_max(Res03_04,2030)" with type <= is made obsolete because of row "eco_decom_constraint(Res03_04,2030)" with type = in the generated mathematical program "LeastCostPlanning", see also the option "Warning_duplicate_row".
Warning at line 41 in user-defined function section "SolveTransition".
The row "eco_decom_max(Res03_04,2040)" with type <= is made obsolete because of row "eco_decom_constraint(Res03_04,2040)" with type = in the generated mathematical program "LeastCostPlanning", see also the option "Warning_duplicate_row".
Warning at line 41 in user-defined function section "SolveTransition".
The row "eco_decom_max(Res03_05,2030)" with type <= is made obsolete because of row "eco_decom_constraint(Res03_05,2030)" with type = in the generated mathematical program "LeastCostPlanning", see also the option "Warning_duplicate_row".
Warning at line 41 in user-defined function section "SolveTransition".
Only 3 out of 70195 duplicate row warnings were reported.  See also option limit_reported_duplicate_column_row_warnings.
