
Gurobi 12.0.1 (win64) logging started Sun Sep  7 12:01:27 2025

Set parameter LogFile to value "Z:\IESA-Opt\IESA-Opt-Dev_full\log/gurobi.log"
Passing model from AIMMS to GUROBI 12.0 required 20.25 seconds.
Set parameter IterationLimit to value 1e+100
Set parameter MIPGap to value 1e-13
Set parameter MIPGapAbs to value 0
Set parameter Crossover to value 0
Set parameter ConcurrentMethod to value 1
Set parameter LogToConsole to value 1
Set parameter Method to value 2
Set parameter NumericFocus to value 3
Set parameter OutputFlag to value 1
Set parameter DisplayInterval to value 2
Set parameter Presolve to value 1
Set parameter Aggregate to value 2
Set parameter AggFill to value 5
Set parameter PreDual to value 0
Set parameter PrePasses to value 2
Set parameter PreDepRow to value 1
Set parameter LPWarmStart to value 0
Set parameter BarConvTol to value 1e-07
Set parameter FeasibilityTol to value 1e-07
Set parameter OptimalityTol to value 1e-07
Set parameter TuneTimeLimit to value 1200

Solve problem 'LeastCostPlanning' with 8694473 rows, 5076584 columns, and 49326388 nonzeros.
Gurobi Optimizer version 12.0.1 build v12.0.1rc0 (win64 - Windows Server 2016.0 (14393.2))

CPU model: QEMU Virtual CPU version 2.5+, instruction set [SSE2]
Thread count: 48 physical cores, 48 logical processors, using up to 32 threads

Non-default parameters:
FeasibilityTol  1e-07
MIPGap  1e-13
MIPGapAbs  0
OptimalityTol  1e-07
Method  2
ConcurrentMethod  1
LPWarmStart  0
BarConvTol  1e-07
Crossover  0
Aggregate  2
AggFill  5
PreDual  0
DisplayInterval  2
NumericFocus  3
PreDepRow  1
PrePasses  2
Presolve  1
TuneTimeLimit  1200

Optimize a model with 8694473 rows, 5076584 columns and 49326388 nonzeros
Model fingerprint: 0x88ea7878
Coefficient statistics:
  Matrix range     [1e-09, 1e+02]
  Objective range  [5e-06, 1e+04]
  Bounds range     [0e+00, 0e+00]
  RHS range        [1e-16, 6e+03]
Presolve removed 0 rows and 0 columns (presolve time = 3s)...
Presolve removed 3315510 rows and 2076816 columns (presolve time = 4s)...
Presolve removed 4125471 rows and 2364675 columns (presolve time = 6s)...
Presolve removed 4178170 rows and 2364675 columns (presolve time = 10s)...
Presolve removed 4183495 rows and 2370000 columns (presolve time = 11s)...
Presolve removed 4572660 rows and 2751094 columns (presolve time = 22s)...
Presolve removed 4572725 rows and 2751129 columns (presolve time = 27s)...
Presolve removed 4572725 rows and 2751129 columns (presolve time = 29s)...
Presolve removed 4572725 rows and 2751129 columns (presolve time = 30s)...
Presolve removed 4572725 rows and 2751129 columns (presolve time = 32s)...
Presolve removed 4623866 rows and 2758851 columns (presolve time = 35s)...
Presolve removed 4623866 rows and 2758857 columns (presolve time = 36s)...
Presolve removed 4624233 rows and 2758857 columns (presolve time = 38s)...
Presolve removed 4625376 rows and 2760000 columns (presolve time = 42s)...
Presolve removed 4650545 rows and 2785168 columns (presolve time = 45s)...
Presolve removed 4672826 rows and 2785170 columns (presolve time = 47s)...
Presolve removed 4699106 rows and 2785170 columns
Presolve time: 48.59s
Presolved: 3995367 rows, 2317694 columns, 26730511 nonzeros
Elapsed ordering time = 6s
Elapsed ordering time = 6s
Elapsed ordering time = 8s
Elapsed ordering time = 10s
Elapsed ordering time = 26s
Elapsed ordering time = 29s
Elapsed ordering time = 30s
Elapsed ordering time = 32s
Elapsed ordering time = 34s
Elapsed ordering time = 36s
Elapsed ordering time = 38s
Elapsed ordering time = 40s
Elapsed ordering time = 42s
Elapsed ordering time = 44s
Elapsed ordering time = 46s
Elapsed ordering time = 48s
Elapsed ordering time = 50s
Ordering time: 52.07s

Barrier statistics:
 Dense cols : 815
 Free vars  : 17520
 AA' NZ     : 4.212e+07
 Factor NZ  : 1.181e+08 (roughly 3.5 GB of memory)
 Factor Ops : 7.039e+10 (roughly 1 second per iteration)
 Threads    : 32

                  Objective                Residual
Iter       Primal          Dual         Primal    Dual     Compl     Time
   0   3.69973071e+09 -2.82019793e+10  3.98e+06 1.66e+04  7.62e+07   115s
   1   3.64922614e+09 -2.85442767e+10  3.89e+06 1.63e+04  7.47e+07   126s
   2   3.59623351e+09 -2.99755602e+10  3.82e+06 1.59e+04  7.32e+07   141s
   3   3.46511219e+09 -3.72933779e+10  3.66e+06 1.49e+04  6.96e+07   162s
   4   3.31770492e+09 -5.00969238e+10  3.50e+06 1.39e+04  6.62e+07   176s
   5   3.24799648e+09 -7.00880520e+10  3.43e+06 1.31e+04  6.50e+07   189s
   6   2.90068285e+09 -1.48755413e+11  3.06e+06 1.02e+04  5.81e+07   210s
   7   2.62093755e+09 -3.29545606e+11  2.77e+06 5.43e+03  5.25e+07   230s
   8   1.67139255e+09 -4.32251131e+11  1.76e+06 2.66e+03  3.36e+07   247s
   9   5.57873475e+08 -5.10766842e+11  5.84e+05 5.38e+02  1.16e+07   267s
  10   2.17147717e+08 -4.89526272e+11  2.23e+05 1.29e+02  4.51e+06   282s
  11   1.67960469e+08 -4.46122962e+11  1.71e+05 5.27e+01  3.45e+06   293s
  12   1.31730783e+08 -4.23630489e+11  1.33e+05 3.78e+01  2.68e+06   302s
  13   9.83558546e+07 -3.84728263e+11  9.78e+04 2.39e+01  1.99e+06   310s
  14   7.99519155e+07 -3.54266507e+11  7.85e+04 1.72e+01  1.61e+06   317s
  15   7.51047800e+07 -3.36732402e+11  7.35e+04 1.45e+01  1.50e+06   327s
  16   6.77961820e+07 -3.26094814e+11  6.58e+04 1.30e+01  1.35e+06   335s
  17   6.00084483e+07 -3.14144923e+11  5.77e+04 1.14e+01  1.18e+06   344s
  18   5.24890976e+07 -2.79713817e+11  4.98e+04 7.86e+00  1.02e+06   352s
  19   4.22462071e+07 -2.57879117e+11  3.91e+04 6.17e+00  8.08e+05   365s
  20   3.35588557e+07 -2.17246700e+11  3.01e+04 3.46e+00  6.16e+05   382s
  21   3.00568895e+07 -1.98137468e+11  2.65e+04 2.67e+00  5.39e+05   400s
  22   2.53748527e+07 -1.77130623e+11  2.18e+04 1.98e+00  4.43e+05   417s
  23   2.03450254e+07 -1.53185152e+11  1.68e+04 1.38e+00  3.44e+05   448s
  24   1.83717670e+07 -1.36542365e+11  1.48e+04 1.05e+00  3.01e+05   470s
  25   1.51857728e+07 -1.22331359e+11  1.16e+04 8.03e-01  2.37e+05   491s
  26   1.30358714e+07 -1.06885095e+11  9.47e+03 5.91e-01  1.94e+05   521s
  27   1.16733447e+07 -9.69695491e+10  8.12e+03 4.75e-01  1.65e+05   543s
  28   9.89676100e+06 -8.34268228e+10  6.30e+03 3.36e-01  1.28e+05   568s
  29   9.21428752e+06 -7.83369439e+10  5.59e+03 2.98e-01  1.14e+05   604s
  30   8.53450265e+06 -6.49031748e+10  4.87e+03 1.99e-01  9.72e+04   632s
  31   7.46927068e+06 -5.73496591e+10  3.79e+03 1.54e-01  7.60e+04   669s
  32   6.99989436e+06 -5.26905781e+10  3.32e+03 1.30e-01  6.63e+04   711s
  33   6.52892582e+06 -4.67954470e+10  2.85e+03 1.02e-01  5.65e+04   773s
  34   6.29623660e+06 -4.18627942e+10  2.62e+03 8.16e-02  5.12e+04   819s
  35   6.05942923e+06 -3.74712233e+10  2.40e+03 6.71e-02  4.62e+04   858s
  36   5.78835000e+06 -3.49893119e+10  2.14e+03 5.67e-02  4.11e+04   883s
  37   5.58321363e+06 -3.22074682e+10  1.94e+03 4.93e-02  3.72e+04   915s
  38   5.43182016e+06 -2.75854934e+10  1.80e+03 3.65e-02  3.35e+04   950s
  39   5.19900189e+06 -2.54150499e+10  1.59e+03 3.12e-02  2.95e+04   988s
  40   4.95385747e+06 -2.34718191e+10  1.37e+03 2.68e-02  2.54e+04  1023s
  41   4.82544507e+06 -2.23673114e+10  1.25e+03 2.45e-02  2.33e+04  1062s
  42   4.68927975e+06 -2.02034187e+10  1.13e+03 2.01e-02  2.08e+04  1110s
  43   4.52276546e+06 -1.86024109e+10  9.85e+02 1.71e-02  1.81e+04  1144s
  44   4.40868870e+06 -1.59555515e+10  8.83e+02 1.27e-02  1.58e+04  1182s
  45   4.17399178e+06 -1.44860575e+10  6.89e+02 1.05e-02  1.25e+04  1217s
  46   4.02213004e+06 -1.30685369e+10  5.66e+02 8.61e-03  1.03e+04  1259s
  47   3.94013686e+06 -1.13375906e+10  5.02e+02 6.60e-03  8.89e+03  1299s
  48   3.90301810e+06 -1.12482399e+10  4.75e+02 6.51e-03  8.48e+03  1339s
  49   3.87106923e+06 -1.00824339e+10  4.51e+02 5.33e-03  7.81e+03  1359s
  50   3.82900396e+06 -9.77015736e+09  4.20e+02 5.04e-03  7.30e+03  1380s
  51   3.75543606e+06 -8.82226657e+09  3.68e+02 4.18e-03  6.33e+03  1411s
  52   3.70159311e+06 -8.22236269e+09  3.31e+02 3.70e-03  5.69e+03  1455s
  53   3.60563322e+06 -7.21522476e+09  2.69e+02 2.98e-03  4.63e+03  1494s
  54   3.57858379e+06 -6.78811536e+09  2.52e+02 2.74e-03  4.32e+03  1529s
  55   3.55352273e+06 -6.15117888e+09  2.37e+02 2.35e-03  3.97e+03  1572s
  56   3.50815369e+06 -5.75454092e+09  2.09e+02 2.11e-03  3.53e+03  1622s
  57   3.49388104e+06 -5.45296830e+09  2.01e+02 1.94e-03  3.35e+03  1686s
  58   3.47019211e+06 -5.36366820e+09  1.86e+02 1.89e-03  3.14e+03  1732s
  59   3.45631079e+06 -4.98447217e+09  1.78e+02 1.69e-03  2.95e+03  1779s
  60   3.43980629e+06 -4.82404482e+09  1.68e+02 1.60e-03  2.79e+03  1814s
  61   3.43447893e+06 -4.63229396e+09  1.65e+02 1.50e-03  2.70e+03  1847s
  62   3.40213782e+06 -4.25481401e+09  1.48e+02 1.31e-03  2.40e+03  1887s
  63   3.33767143e+06 -3.72007190e+09  1.16e+02 1.07e-03  1.92e+03  1929s
  64   3.30790896e+06 -3.35507748e+09  1.00e+02 9.22e-04  1.66e+03  1980s
  65   3.28757646e+06 -3.08181364e+09  9.11e+01 7.96e-04  1.49e+03  2014s
  66   3.25745305e+06 -2.56586224e+09  7.79e+01 6.06e-04  1.23e+03  2033s
  67   3.21867673e+06 -2.17675125e+09  6.54e+01 4.75e-04  1.01e+03  2081s
  68   3.16478134e+06 -1.80344084e+09  5.30e+01 3.63e-04  8.06e+02  2123s
  69   3.11564900e+06 -1.55042926e+09  4.55e+01 2.92e-04  6.78e+02  2152s
  70   3.08703244e+06 -1.25104120e+09  4.18e+01 2.14e-04  5.71e+02  2213s
  71   2.98181068e+06 -1.02638996e+09  3.02e+01 1.60e-04  4.22e+02  2265s
  72   2.93196388e+06 -8.96194400e+08  2.55e+01 1.33e-04  3.54e+02  2321s
  73   2.90296926e+06 -8.32607729e+08  2.32e+01 1.21e-04  3.21e+02  2353s
  74   2.88828676e+06 -7.43276183e+08  2.20e+01 1.03e-04  2.92e+02  2374s
  75   2.86256858e+06 -6.46344094e+08  2.02e+01 8.59e-05  2.56e+02  2403s
  76   2.81826047e+06 -5.83128082e+08  1.72e+01 7.51e-05  2.20e+02  2436s
  77   2.78262962e+06 -5.12653804e+08  1.51e+01 6.35e-05  1.90e+02  2478s
  78   2.73765449e+06 -4.44188500e+08  1.29e+01 5.30e-05  1.60e+02  2517s
  79   2.65877972e+06 -3.01492343e+08  9.66e+00 3.15e-05  1.10e+02  2553s
  80   2.54776380e+06 -2.19443010e+08  6.76e+00 2.08e-05  7.57e+01  2598s
  81   2.44742973e+06 -1.68103622e+08  4.98e+00 1.48e-05  5.54e+01  2623s
  82   2.34423549e+06 -1.38051131e+08  3.82e+00 1.17e-05  4.31e+01  2652s
  83   2.24224549e+06 -1.12261941e+08  2.84e+00 9.16e-06  3.31e+01  2681s
  84   2.17234727e+06 -8.32285114e+07  2.42e+00 6.44e-06  2.55e+01  2696s
  85   2.08234534e+06 -6.15739239e+07  2.02e+00 4.52e-06  1.96e+01  2713s
  86   2.05322969e+06 -4.98234053e+07  1.91e+00 3.55e-06  1.70e+01  2732s
  87   2.01581864e+06 -4.91437105e+07  1.79e+00 3.51e-06  1.63e+01  2748s
  88   2.00503778e+06 -4.82958426e+07  1.75e+00 3.45e-06  1.60e+01  2764s
  89   1.98637912e+06 -4.76417949e+07  1.70e+00 3.41e-06  1.56e+01  2779s
  90   1.97901719e+06 -4.68997493e+07  1.68e+00 3.35e-06  1.54e+01  2797s
  91   1.96691644e+06 -4.58091150e+07  1.64e+00 3.26e-06  1.51e+01  2812s
  92   1.96469270e+06 -4.47784914e+07  1.64e+00 3.18e-06  1.48e+01  2829s
  93   1.95806979e+06 -4.44868849e+07  1.62e+00 3.16e-06  1.47e+01  2844s
  94   1.94175183e+06 -4.36218874e+07  1.57e+00 3.09e-06  1.44e+01  2857s
  95   1.89819303e+06 -4.22298968e+07  1.46e+00 2.99e-06  1.36e+01  2871s
  96   1.84673581e+06 -3.92049856e+07  1.36e+00 2.75e-06  1.26e+01  2887s
  97   1.75838808e+06 -3.52502119e+07  1.17e+00 2.45e-06  1.10e+01  2911s
  98   1.73396792e+06 -3.23059072e+07  1.13e+00 2.22e-06  1.03e+01  2928s
  99   1.68538045e+06 -2.95735871e+07  1.04e+00 2.02e-06  9.44e+00  2951s
 100   1.65135061e+06 -2.66791579e+07  9.85e-01 1.80e-06  8.69e+00  2989s
 101   1.52863935e+06 -2.45213681e+07  7.81e-01 1.64e-06  7.44e+00  3015s
 102   1.49517650e+06 -2.26862738e+07  7.29e-01 1.51e-06  6.90e+00  3036s
 103   1.46748122e+06 -2.22884350e+07  6.84e-01 1.48e-06  6.64e+00  3064s
 104   1.44912391e+06 -2.15183951e+07  6.57e-01 1.43e-06  6.39e+00  3091s
 105   1.42617569e+06 -1.98400546e+07  6.23e-01 1.31e-06  5.95e+00  3121s
 106   1.40610596e+06 -1.95917037e+07  5.93e-01 1.29e-06  5.79e+00  3147s
 107   1.38483870e+06 -1.74914296e+07  5.64e-01 1.15e-06  5.30e+00  3175s
 108   1.38049274e+06 -1.63626359e+07  5.55e-01 1.07e-06  5.06e+00  3209s
 109   1.33939104e+06 -1.42860313e+07  5.03e-01 9.27e-07  4.49e+00  3231s
 110   1.25159957e+06 -1.27249854e+07  3.98e-01 8.21e-07  3.80e+00  3260s
 111   1.22414470e+06 -1.08456868e+07  3.68e-01 6.95e-07  3.35e+00  3280s
 112   1.20104319e+06 -1.01994531e+07  3.36e-01 6.55e-07  3.12e+00  3303s
 113   1.19081524e+06 -9.38954178e+06  3.24e-01 6.04e-07  2.93e+00  3327s
 114   1.17228288e+06 -8.90589034e+06  3.02e-01 5.74e-07  2.76e+00  3347s
 115   1.15607604e+06 -8.24663073e+06  2.80e-01 5.31e-07  2.56e+00  3372s
 116   1.14750343e+06 -7.67913244e+06  2.70e-01 4.96e-07  2.43e+00  3402s
 117   1.14368273e+06 -7.21275969e+06  2.65e-01 4.68e-07  2.33e+00  3425s
 118   1.13273552e+06 -6.93291393e+06  2.51e-01 4.51e-07  2.23e+00  3446s
 119   1.11488651e+06 -6.61425153e+06  2.32e-01 4.30e-07  2.10e+00  3474s
 120   1.10569500e+06 -6.18501832e+06  2.21e-01 4.04e-07  1.99e+00  3498s
 121   1.10122859e+06 -5.96110273e+06  2.16e-01 3.91e-07  1.93e+00  3519s
 122   1.09743543e+06 -5.58007332e+06  2.12e-01 3.68e-07  1.85e+00  3540s
 123   1.09047491e+06 -5.44105591e+06  2.04e-01 5.93e-07  1.80e+00  3559s
 124   1.08445016e+06 -5.29659819e+06  1.94e-01 3.51e-07  1.74e+00  3579s
 125   1.08277564e+06 -5.03779720e+06  1.91e-01 3.36e-07  1.68e+00  3600s
 126   1.06393322e+06 -4.26042329e+06  1.69e-01 3.78e-05  1.47e+00  3631s
 127   1.05551495e+06 -3.88602693e+06  1.55e-01 2.65e-05  1.35e+00  3652s
 128   1.04985342e+06 -3.55957123e+06  1.48e-01 5.12e-06  1.27e+00  3667s
 129   1.03774270e+06 -3.31334762e+06  1.32e-01 1.50e-06  1.17e+00  3683s
 130   1.03296900e+06 -2.66880771e+06  1.25e-01 2.68e-05  1.04e+00  3699s
 131   1.02957240e+06 -2.47709998e+06  1.20e-01 2.47e-06  9.90e-01  3714s
 132   1.01949839e+06 -2.32604917e+06  1.09e-01 2.66e-06  9.23e-01  3722s
 133   1.01801859e+06 -2.27279739e+06  1.07e-01 2.51e-06  9.09e-01  3730s
 134   1.01363426e+06 -2.17427524e+06  1.02e-01 2.42e-06  8.75e-01  3738s
 135   1.00835165e+06 -2.09850225e+06  9.74e-02 2.16e-06  8.45e-01  3745s
 136   1.00443357e+06 -2.02266904e+06  9.39e-02 1.93e-06  8.19e-01  3763s
 137   1.00167193e+06 -1.98827276e+06  9.17e-02 1.87e-06  8.06e-01  3771s
 138   9.99768761e+05 -1.89986782e+06  9.03e-02 1.38e-06  7.86e-01  3779s
 139   9.97246349e+05 -1.79224571e+06  8.82e-02 1.20e-05  7.61e-01  3788s
 140   9.95299429e+05 -1.74249080e+06  8.66e-02 1.40e-05  7.47e-01  3801s
 141   9.92299782e+05 -1.71885236e+06  8.45e-02 1.27e-05  7.35e-01  3809s
 142   9.89555190e+05 -1.66218384e+06  8.26e-02 1.98e-05  7.19e-01  3817s
 143   9.88309985e+05 -1.57972037e+06  8.17e-02 2.06e-05  7.02e-01  3828s
 144   9.86445858e+05 -1.55522905e+06  8.04e-02 1.94e-05  6.93e-01  3841s
 145   9.84112092e+05 -1.47895879e+06  7.85e-02 2.27e-05  6.73e-01  3854s
 146   9.83146018e+05 -1.44229596e+06  7.78e-02 2.23e-05  6.64e-01  3862s
 147   9.80833251e+05 -1.41521814e+06  7.60e-02 2.35e-05  6.53e-01  3870s
 148   9.78262052e+05 -1.37957484e+06  7.40e-02 2.38e-05  6.40e-01  3882s
 149   9.76547345e+05 -1.31509466e+06  7.28e-02 2.67e-05  6.24e-01  3906s
 150   9.74678256e+05 -1.26587326e+06  7.14e-02 2.86e-05  6.11e-01  3914s
 151   9.72726617e+05 -1.22614081e+06  7.01e-02 2.91e-05  5.99e-01  3922s
 152   9.71004196e+05 -1.15307638e+06  6.88e-02 3.03e-05  5.83e-01  3930s
 153   9.69849537e+05 -1.12459127e+06  6.79e-02 2.94e-05  5.74e-01  3940s
 154   9.68567866e+05 -1.11171592e+06  6.70e-02 2.98e-05  5.69e-01  3949s
 155   9.66157501e+05 -1.06225451e+06  6.53e-02 2.73e-05  5.54e-01  3957s
 156   9.63155179e+05 -1.03095923e+06  6.33e-02 2.67e-05  5.42e-01  3974s
 157   9.60357806e+05 -1.00181871e+06  6.15e-02 2.62e-05  5.30e-01  3983s
 158   9.58635240e+05 -9.73473139e+05  6.05e-02 2.59e-05  5.22e-01  3993s
 159   9.57117247e+05 -9.47413382e+05  5.95e-02 2.52e-05  5.14e-01  4002s
 160   9.55088922e+05 -9.35178213e+05  5.85e-02 2.47e-05  5.08e-01  4010s
 161   9.52902860e+05 -9.02733453e+05  5.75e-02 2.48e-05  4.99e-01  4018s
 162   9.50204131e+05 -8.86615019e+05  5.63e-02 2.44e-05  4.91e-01  4027s
 163   9.47821670e+05 -8.67374719e+05  5.52e-02 2.44e-05  4.84e-01  4035s
 164   9.44360616e+05 -8.24813162e+05  5.37e-02 2.48e-05  4.71e-01  4044s
 165   9.43083309e+05 -7.75665068e+05  5.31e-02 2.33e-05  4.61e-01  4054s
 166   9.41515356e+05 -7.55049399e+05  5.22e-02 2.27e-05  4.54e-01  4063s
 167   9.40387851e+05 -7.41881812e+05  5.16e-02 2.20e-05  4.50e-01  4072s
 168   9.39228912e+05 -7.21806649e+05  5.10e-02 2.15e-05  4.44e-01  4080s
 169   9.38596162e+05 -6.85718286e+05  5.07e-02 2.11e-05  4.37e-01  4089s
 170   9.37674023e+05 -6.70206238e+05  5.02e-02 2.08e-05  4.32e-01  4098s
 171   9.36357572e+05 -6.37076052e+05  4.94e-02 1.88e-05  4.24e-01  4107s
 172   9.34973712e+05 -6.30561673e+05  4.86e-02 1.88e-05  4.20e-01  4123s
 173   9.34229792e+05 -6.15817733e+05  4.83e-02 1.85e-05  4.16e-01  4132s
 174   9.32688466e+05 -5.68792280e+05  4.73e-02 1.64e-05  4.05e-01  4141s
 175   9.30179116e+05 -5.45976598e+05  4.59e-02 1.55e-05  3.96e-01  4150s
 176   9.28808941e+05 -5.05282454e+05  4.51e-02 1.44e-05  3.86e-01  4158s
 177   9.26080762e+05 -4.83678294e+05  4.37e-02 1.35e-05  3.77e-01  4166s
 178   9.24102095e+05 -4.65505431e+05  4.27e-02 1.36e-05  3.70e-01  4175s
 179   9.22969416e+05 -4.57907990e+05  4.22e-02 1.34e-05  3.67e-01  4193s
 180   9.22399682e+05 -4.38151929e+05  4.20e-02 1.28e-05  3.63e-01  4201s
 181   9.21331592e+05 -4.28392665e+05  4.16e-02 1.28e-05  3.60e-01  4209s
 182   9.20760712e+05 -4.11227271e+05  4.14e-02 1.24e-05  3.56e-01  4218s
 183   9.18614291e+05 -3.94780941e+05  4.06e-02 1.21e-05  3.51e-01  4226s
 184   9.17730113e+05 -3.73799449e+05  4.03e-02 1.19e-05  3.46e-01  4234s
 185   9.17063268e+05 -3.63229432e+05  4.00e-02 1.16e-05  3.43e-01  4243s
 186   9.14871731e+05 -3.54129864e+05  3.93e-02 1.17e-05  3.39e-01  4251s
 187   9.13591459e+05 -3.23983763e+05  3.88e-02 1.15e-05  3.32e-01  4261s
 188   9.13131520e+05 -2.84764644e+05  3.87e-02 1.05e-05  3.25e-01  4269s
 189   9.11175426e+05 -2.55125447e+05  3.78e-02 1.01e-05  3.17e-01  4278s
 190   9.10306656e+05 -2.34826122e+05  3.75e-02 9.52e-06  3.12e-01  4309s
 191   9.07291367e+05 -2.16288877e+05  3.63e-02 9.11e-06  3.04e-01  4326s
 192   9.05449500e+05 -1.99720414e+05  3.56e-02 8.82e-06  2.99e-01  4341s
 193   9.04632799e+05 -1.85982515e+05  3.53e-02 8.89e-06  2.95e-01  4357s
 194   9.03862563e+05 -1.69357768e+05  3.50e-02 8.51e-06  2.92e-01  4371s
 195   9.01672442e+05 -1.46461159e+05  3.42e-02 8.26e-06  2.84e-01  4390s
 196   9.00160905e+05 -1.20341263e+05  3.36e-02 8.13e-06  2.77e-01  4411s
 197   8.97284324e+05 -9.05973671e+04  3.26e-02 7.28e-06  2.68e-01  4435s
 198   8.95628692e+05 -7.92936394e+04  3.21e-02 7.41e-06  2.64e-01  4462s
 199   8.94266212e+05 -6.59121026e+04  3.16e-02 7.16e-06  2.60e-01  4489s
 200   8.93200195e+05 -4.66759171e+04  3.12e-02 7.18e-06  2.55e-01  4522s
 201   8.91828275e+05 -2.49177762e+04  3.08e-02 6.73e-06  2.50e-01  4553s
 202   8.87386614e+05 -1.69084549e+04  2.94e-02 6.77e-06  2.43e-01  4574s
 203   8.86205042e+05  6.73079381e+03  2.90e-02 6.40e-06  2.38e-01  4593s
 204   8.84200232e+05  2.14299629e+04  2.84e-02 6.28e-06  2.33e-01  4615s
 205   8.81359615e+05  2.89203481e+04  2.75e-02 6.13e-06  2.28e-01  4636s
 206   8.80132704e+05  3.79379880e+04  2.71e-02 6.08e-06  2.25e-01  4665s
 207   8.78768162e+05  5.28707884e+04  2.66e-02 6.32e-06  2.21e-01  4696s
 208   8.77764522e+05  6.97399711e+04  2.63e-02 5.74e-06  2.16e-01  4723s
 209   8.76415192e+05  8.88007148e+04  2.59e-02 5.80e-06  2.11e-01  4738s
 210   8.72854854e+05  1.07542957e+05  2.46e-02 5.53e-06  2.04e-01  4752s
 211   8.71067483e+05  1.16302856e+05  2.41e-02 5.53e-06  2.00e-01  4767s
 212   8.70581154e+05  1.29352636e+05  2.39e-02 5.31e-06  1.97e-01  4788s
 213   8.69749836e+05  1.45134792e+05  2.37e-02 5.52e-06  1.94e-01  4806s
 214   8.68049040e+05  1.65025475e+05  2.31e-02 5.05e-06  1.88e-01  4824s
 215   8.66563645e+05  1.77217630e+05  2.27e-02 4.90e-06  1.85e-01  4843s
 216   8.65682485e+05  1.87449079e+05  2.24e-02 5.04e-06  1.82e-01  4862s
 217   8.65117159e+05  1.99654587e+05  2.22e-02 4.62e-06  1.79e-01  4878s
 218   8.62581985e+05  2.08574975e+05  2.15e-02 4.66e-06  1.75e-01  4896s
 219   8.59686227e+05  2.29099447e+05  2.07e-02 4.14e-06  1.68e-01  4910s
 220   8.58054810e+05  2.36532350e+05  2.03e-02 4.34e-06  1.65e-01  4928s
 221   8.57211110e+05  2.49428348e+05  2.00e-02 4.39e-06  1.62e-01  4941s
 222   8.56225346e+05  2.54716869e+05  1.98e-02 4.26e-06  1.60e-01  4955s
 223   8.55113866e+05  2.65202595e+05  1.94e-02 4.29e-06  1.57e-01  4969s
 224   8.53781596e+05  2.85014721e+05  1.91e-02 3.78e-06  1.52e-01  4983s
 225   8.52212246e+05  2.94902944e+05  1.86e-02 3.56e-06  1.49e-01  5001s
 226   8.51455343e+05  2.98903106e+05  1.84e-02 3.68e-06  1.47e-01  5016s
 227   8.50633414e+05  3.02659879e+05  1.82e-02 3.78e-06  1.46e-01  5030s
 228   8.50217754e+05  3.12080024e+05  1.81e-02 3.73e-06  1.44e-01  5046s
 229   8.49184253e+05  3.23306233e+05  1.78e-02 3.79e-06  1.41e-01  5069s
 230   8.46424460e+05  3.30033285e+05  1.70e-02 3.50e-06  1.37e-01  5083s
 231   8.45095302e+05  3.44120299e+05  1.66e-02 3.48e-06  1.33e-01  5098s
 232   8.43989706e+05  3.65096009e+05  1.63e-02 3.21e-06  1.28e-01  5120s
 233   8.43215524e+05  3.77647600e+05  1.61e-02 2.93e-06  1.25e-01  5141s
 234   8.40893581e+05  3.86322784e+05  1.54e-02 3.09e-06  1.21e-01  5158s
 235   8.39405037e+05  3.97911639e+05  1.50e-02 2.95e-06  1.17e-01  5178s
 236   8.37136497e+05  4.05997325e+05  1.44e-02 2.68e-06  1.13e-01  5195s
 237   8.35282062e+05  4.18213779e+05  1.38e-02 2.66e-06  1.09e-01  5224s
 238   8.32761066e+05  4.27686839e+05  1.31e-02 2.65e-06  1.05e-01  5238s
 239   8.30676679e+05  4.44386106e+05  1.25e-02 2.05e-06  9.99e-02  5256s
 240   8.28500340e+05  4.55021224e+05  1.19e-02 2.38e-06  9.58e-02  5272s
 241   8.27873465e+05  4.61236741e+05  1.18e-02 2.46e-06  9.41e-02  5294s
 242   8.27333519e+05  4.65714936e+05  1.16e-02 2.46e-06  9.28e-02  5309s
 243   8.26680202e+05  4.73809681e+05  1.14e-02 2.51e-06  9.08e-02  5323s
 244   8.26063560e+05  4.83602453e+05  1.13e-02 2.72e-06  8.86e-02  5339s
 245   8.24970191e+05  4.87672897e+05  1.10e-02 3.01e-06  8.69e-02  5362s
 246   8.23268856e+05  4.90011344e+05  1.07e-02 2.75e-06  8.52e-02  5377s
 247   8.22198651e+05  4.94511136e+05  1.05e-02 2.99e-06  8.36e-02  5394s
 248   8.21615631e+05  5.05502983e+05  1.04e-02 2.76e-06  8.12e-02  5408s
 249   8.20925748e+05  5.12548221e+05  1.02e-02 2.43e-06  7.94e-02  5432s
 250   8.20116351e+05  5.18014749e+05  1.00e-02 2.43e-06  7.78e-02  5448s
 251   8.18876397e+05  5.22557212e+05  9.77e-03 2.52e-06  7.60e-02  5466s
 252   8.17750883e+05  5.27114448e+05  9.56e-03 2.91e-06  7.44e-02  5481s
 253   8.17250539e+05  5.35009859e+05  9.47e-03 3.34e-06  7.27e-02  5502s
 254   8.16728368e+05  5.40781238e+05  9.36e-03 3.96e-06  7.13e-02  5517s
 255   8.15102162e+05  5.44397699e+05  8.97e-03 3.58e-06  6.92e-02  5535s
 256   8.14337672e+05  5.49692771e+05  8.80e-03 3.37e-06  6.77e-02  5553s
 257   8.13957815e+05  5.54608233e+05  8.72e-03 4.32e-06  6.65e-02  5580s
 258   8.13110270e+05  5.56999178e+05  8.54e-03 4.62e-06  6.55e-02  5594s
 259   8.12648024e+05  5.59192368e+05  8.45e-03 4.52e-06  6.47e-02  5610s
 260   8.12235368e+05  5.62941810e+05  8.36e-03 5.43e-06  6.37e-02  5632s
 261   8.11040753e+05  5.70873272e+05  8.11e-03 6.25e-06  6.15e-02  5647s
 262   8.10227385e+05  5.76742664e+05  7.95e-03 7.36e-06  5.98e-02  5662s
 263   8.08746880e+05  5.80056482e+05  7.68e-03 6.59e-06  5.83e-02  5679s
 264   8.07588519e+05  5.85517260e+05  7.48e-03 5.21e-06  5.66e-02  5697s
 265   8.06782700e+05  5.88683709e+05  7.34e-03 4.05e-06  5.55e-02  5711s
 266   8.06390641e+05  5.90187984e+05  7.28e-03 3.79e-06  5.50e-02  5726s
 267   8.05678244e+05  5.93030429e+05  7.16e-03 3.05e-06  5.41e-02  5739s
 268   8.04744290e+05  5.95568716e+05  7.01e-03 1.89e-06  5.31e-02  5753s
 269   8.03103887e+05  6.01525785e+05  6.75e-03 1.88e-06  5.10e-02  5766s
 270   8.01428621e+05  6.05178056e+05  6.49e-03 1.80e-06  4.94e-02  5777s
 271   8.00599836e+05  6.08482495e+05  6.37e-03 1.78e-06  4.83e-02  5792s
 272   7.99990996e+05  6.11222261e+05  6.28e-03 2.32e-06  4.75e-02  5806s
 273   7.99585766e+05  6.15951973e+05  6.21e-03 4.66e-06  4.64e-02  5819s
 274   7.98968790e+05  6.18833637e+05  6.11e-03 5.22e-06  4.56e-02  5833s
 275   7.98413324e+05  6.21251703e+05  6.02e-03 6.34e-06  4.48e-02  5852s
 276   7.96119158e+05  6.22264578e+05  5.61e-03 6.76e-06  4.31e-02  5873s
 277   7.94656444e+05  6.27755593e+05  5.36e-03 9.12e-06  4.13e-02  5886s
 278   7.93455143e+05  6.34639702e+05  5.16e-03 1.36e-05  3.94e-02  5901s
 279   7.92467984e+05  6.39438819e+05  5.00e-03 1.58e-05  3.80e-02  5916s
 280   7.91817535e+05  6.41930017e+05  4.90e-03 1.76e-05  3.72e-02  5929s
 281   7.91298217e+05  6.43886884e+05  4.83e-03 1.83e-05  3.65e-02  5947s
 282   7.91020558e+05  6.46694583e+05  4.79e-03 2.08e-05  3.59e-02  5961s
 283   7.90183870e+05  6.48858072e+05  4.65e-03 2.28e-05  3.50e-02  5975s
 284   7.88940601e+05  6.50408296e+05  4.45e-03 2.45e-05  3.40e-02  5992s
 285   7.87743521e+05  6.54590149e+05  4.28e-03 2.89e-05  3.26e-02  6015s
 286   7.85930172e+05  6.57104667e+05  4.00e-03 3.25e-05  3.12e-02  6031s
 287   7.85145236e+05  6.59392696e+05  3.89e-03 3.46e-05  3.04e-02  6045s
 288   7.84353078e+05  6.62317990e+05  3.77e-03 3.83e-05  2.95e-02  6060s
 289   7.83593404e+05  6.65819284e+05  3.66e-03 4.37e-05  2.85e-02  6074s
 290   7.83055874e+05  6.69852992e+05  3.57e-03 4.98e-05  2.75e-02  6089s
 291   7.82063653e+05  6.73279886e+05  3.42e-03 5.71e-05  2.63e-02  6104s
 292   7.81247488e+05  6.77744011e+05  3.30e-03 6.78e-05  2.51e-02  6120s
 293   7.80511371e+05  6.80838010e+05  3.21e-03 7.38e-05  2.42e-02  6136s
 294   7.79102728e+05  6.82621895e+05  3.03e-03 7.60e-05  2.32e-02  6152s
 295   7.77763645e+05  6.85123026e+05  2.86e-03 7.91e-05  2.21e-02  6168s
 296   7.76992195e+05  6.87588593e+05  2.77e-03 8.79e-05  2.14e-02  6182s
 297   7.76121038e+05  6.89206825e+05  2.64e-03 9.17e-05  2.07e-02  6198s
 298   7.75415674e+05  6.91011703e+05  2.56e-03 9.76e-05  2.00e-02  6212s
 299   7.75173799e+05  6.93541857e+05  2.53e-03 1.06e-04  1.95e-02  6228s
 300   7.74927823e+05  6.95226578e+05  2.51e-03 1.12e-04  1.91e-02  6243s
 301   7.74159859e+05  6.98271173e+05  2.41e-03 1.21e-04  1.82e-02  6259s
 302   7.73478882e+05  7.00453148e+05  2.34e-03 1.27e-04  1.75e-02  6273s
 303   7.73032759e+05  7.01860884e+05  2.28e-03 1.27e-04  1.71e-02  6286s
 304   7.72544492e+05  7.03460560e+05  2.22e-03 1.33e-04  1.66e-02  6306s
 305   7.72059813e+05  7.04929140e+05  2.16e-03 1.38e-04  1.61e-02  6320s
 306   7.71327247e+05  7.06749413e+05  2.07e-03 1.43e-04  1.55e-02  6338s
 307   7.70489852e+05  7.08183910e+05  1.97e-03 1.45e-04  1.48e-02  6349s
 308   7.69906730e+05  7.09585684e+05  1.90e-03 1.51e-04  1.43e-02  6361s
 309   7.69221084e+05  7.10403501e+05  1.82e-03 1.56e-04  1.39e-02  6373s
 310   7.68728679e+05  7.11816740e+05  1.77e-03 1.68e-04  1.34e-02  6385s
 311   7.68187287e+05  7.13954330e+05  1.71e-03 1.89e-04  1.28e-02  6396s
 312   7.67967696e+05  7.15427013e+05  1.69e-03 2.14e-04  1.25e-02  6407s
 313   7.67745982e+05  7.16224920e+05  1.67e-03 2.16e-04  1.22e-02  6418s
 314   7.67274802e+05  7.18110252e+05  1.62e-03 2.39e-04  1.17e-02  6437s
 315   7.66781529e+05  7.19372548e+05  1.57e-03 2.48e-04  1.13e-02  6453s
 316   7.66406530e+05  7.20138347e+05  1.53e-03 2.47e-04  1.10e-02  6464s
 317   7.65857671e+05  7.20760351e+05  1.47e-03 2.57e-04  1.07e-02  6475s
 318   7.65472943e+05  7.21156698e+05  1.43e-03 2.60e-04  1.05e-02  6487s
 319   7.64815589e+05  7.21607771e+05  1.36e-03 2.70e-04  1.01e-02  6508s
 320   7.64590966e+05  7.22253110e+05  1.34e-03 2.84e-04  9.91e-03  6520s
 321   7.64170524e+05  7.23084305e+05  1.29e-03 2.91e-04  9.60e-03  6532s
 322   7.63834700e+05  7.23812393e+05  1.26e-03 2.92e-04  9.33e-03  6543s
 323   7.63508219e+05  7.24902546e+05  1.22e-03 2.99e-04  8.99e-03  6555s
 324   7.62833510e+05  7.25765858e+05  1.15e-03 3.05e-04  8.57e-03  6570s
 325   7.62336303e+05  7.26481825e+05  1.11e-03 3.01e-04  8.27e-03  6588s
 326   7.62076870e+05  7.28046089e+05  1.08e-03 2.70e-04  7.89e-03  6601s
 327   7.61865851e+05  7.28484105e+05  1.06e-03 2.62e-04  7.74e-03  6614s
 328   7.61610666e+05  7.29341081e+05  1.03e-03 2.51e-04  7.49e-03  6627s
 329   7.61424773e+05  7.29901893e+05  1.02e-03 2.44e-04  7.32e-03  6641s
 330   7.61293162e+05  7.30149222e+05  1.00e-03 2.41e-04  7.23e-03  6668s
 331   7.61082241e+05  7.30217444e+05  9.82e-04 2.40e-04  7.14e-03  6682s
 332   7.60832300e+05  7.30666185e+05  9.57e-04 2.37e-04  6.97e-03  6696s
 333   7.60391888e+05  7.31407052e+05  9.14e-04 2.34e-04  6.66e-03  6709s
 334   7.59608244e+05  7.32078375e+05  8.42e-04 2.52e-04  6.26e-03  6734s
 335   7.59324559e+05  7.33141739e+05  8.17e-04 2.67e-04  5.98e-03  6755s
 336   7.59195907e+05  7.33483772e+05  8.05e-04 2.56e-04  5.87e-03  6772s
 337   7.58778779e+05  7.33933115e+05  7.66e-04 2.04e-04  5.64e-03  6796s
 338   7.58523255e+05  7.34136192e+05  7.50e-04 2.01e-04  5.53e-03  6811s
 339   7.57988974e+05  7.34963648e+05  7.03e-04 2.55e-04  5.20e-03  6825s
 340   7.57680570e+05  7.36446512e+05  6.77e-04 2.18e-04  4.84e-03  6842s
 341   7.57062582e+05  7.37007764e+05  6.23e-04 2.30e-04  4.53e-03  6855s
 342   7.56468435e+05  7.37521553e+05  5.72e-04 2.14e-04  4.24e-03  6869s
 343   7.56339916e+05  7.37888764e+05  5.61e-04 1.49e-04  4.13e-03  6885s
 344   7.56103309e+05  7.37984296e+05  5.40e-04 1.67e-04  4.03e-03  6898s
 345   7.55806030e+05  7.38643831e+05  5.15e-04 4.50e-04  3.82e-03  6913s
 346   7.55679195e+05  7.39059750e+05  5.04e-04 3.38e-04  3.71e-03  6928s
 347   7.55422803e+05  7.39597244e+05  4.84e-04 1.30e-04  3.53e-03  6949s
 348   7.55178653e+05  7.40279489e+05  4.64e-04 9.22e-05  3.33e-03  6965s
 349   7.54875711e+05  7.40727803e+05  4.39e-04 2.12e-05  3.15e-03  6977s
 350   7.54688870e+05  7.41210313e+05  4.24e-04 9.68e-04  3.01e-03  6988s
 351   7.54459858e+05  7.41451633e+05  4.04e-04 2.58e-03  2.89e-03  7003s
 352   7.54364634e+05  7.41830128e+05  3.96e-04 1.17e-03  2.79e-03  7025s
 353   7.54030814e+05  7.41988531e+05  3.69e-04 1.52e-03  2.66e-03  7040s
 354   7.53893339e+05  7.42293769e+05  3.57e-04 1.01e-03  2.56e-03  7054s
 355   7.53761270e+05  7.42706295e+05  3.46e-04 2.56e-03  2.44e-03  7067s
 356   7.53465516e+05  7.43177213e+05  3.21e-04 1.99e-03  2.27e-03  7080s
 357   7.53202768e+05  7.43395226e+05  3.00e-04 1.73e-03  2.15e-03  7096s
 358   7.53160941e+05  7.43758708e+05  2.96e-04 5.58e-03  2.07e-03  7109s
 359   7.53000877e+05  7.44130261e+05  2.81e-04 9.99e-03  1.95e-03  7122s
 360   7.52886528e+05  7.44332347e+05  2.71e-04 1.39e-02  1.88e-03  7136s
 361   7.52734456e+05  7.44513656e+05  2.57e-04 1.43e-02  1.80e-03  7151s
 362   7.52401609e+05  7.44799980e+05  2.31e-04 5.68e-03  1.65e-03  7165s
 363   7.52261613e+05  7.44960248e+05  2.18e-04 1.02e-02  1.58e-03  7179s
 364   7.52025009e+05  7.45575281e+05  2.00e-04 7.99e-03  1.40e-03  7195s
 365   7.51954883e+05  7.45725078e+05  1.93e-04 6.81e-03  1.35e-03  7208s
 366   7.51940635e+05  7.45938149e+05  1.92e-04 8.80e-03  1.31e-03  7222s
 367   7.51774841e+05  7.46201241e+05  1.77e-04 1.60e-02  1.21e-03  7241s
 368   7.51509184e+05  7.46396572e+05  1.56e-04 3.33e-02  1.10e-03  7253s
 369   7.51438375e+05  7.46567141e+05  1.50e-04 2.58e-02  1.05e-03  7265s
 370   7.51359608e+05  7.46773455e+05  1.43e-04 4.63e-02  9.90e-04  7280s
 371   7.51187809e+05  7.46938071e+05  1.30e-04 5.76e-02  9.11e-04  7308s
 372   7.51137506e+05  7.47257969e+05  1.26e-04 1.90e-02  8.43e-04  7327s
 373   7.50948313e+05  7.47383901e+05  1.12e-04 2.00e-02  7.66e-04  7348s
 374   7.50834613e+05  7.47419696e+05  1.04e-04 2.06e-02  7.27e-04  7368s
 375   7.50735593e+05  7.47495026e+05  9.66e-05 2.05e-02  6.86e-04  7398s
 376   7.50721131e+05  7.47532230e+05  9.55e-05 2.06e-02  6.76e-04  7424s
 377   7.50668480e+05  7.47628294e+05  9.20e-05 1.99e-02  6.46e-04  7454s
 378   7.50629581e+05  7.47832256e+05  8.89e-05 2.53e-02  6.00e-04  7471s
 379   7.50552737e+05  7.47962805e+05  8.33e-05 3.29e-02  5.56e-04  7492s
 380   7.50513634e+05  7.48071064e+05  8.05e-05 2.91e-02  5.27e-04  7504s
 381   7.50498879e+05  7.48125616e+05  7.95e-05 2.70e-02  5.14e-04  7534s
 382   7.50446282e+05  7.48139360e+05  7.57e-05 2.63e-02  4.96e-04  7550s
 383   7.50382519e+05  7.48240493e+05  7.12e-05 2.88e-02  4.61e-04  7566s
 384   7.50294640e+05  7.48271647e+05  6.49e-05 3.00e-02  4.31e-04  7584s
 385   7.50278292e+05  7.48327414e+05  6.37e-05 3.48e-02  4.18e-04  7602s
 386   7.50220117e+05  7.48379498e+05  5.95e-05 4.16e-02  3.93e-04  7618s
 387   7.50110655e+05  7.48497167e+05  5.19e-05 4.29e-02  3.43e-04  7634s
 388   7.50058184e+05  7.48629617e+05  4.83e-05 5.67e-02  3.06e-04  7650s
 389   7.50035174e+05  7.48661964e+05  4.66e-05 5.80e-02  2.94e-04  7666s
 390   7.49992545e+05  7.48745308e+05  4.36e-05 1.25e-01  2.69e-04  7676s
 391   7.49956793e+05  7.48801828e+05  4.11e-05 1.64e-01  2.49e-04  7687s
 392   7.49847275e+05  7.48884906e+05  3.38e-05 2.02e-01  2.07e-04  7698s
 393   7.49798388e+05  7.48950055e+05  3.06e-05 2.19e-01  1.83e-04  7709s
 394   7.49744967e+05  7.49008663e+05  2.68e-05 2.22e-01  1.58e-04  7720s
 395   7.49652916e+05  7.49036005e+05  2.10e-05 2.19e-01  1.30e-04  7742s
 396   7.49638383e+05  7.49042492e+05  2.01e-05 2.14e-01  1.26e-04  7754s
 397   7.49623274e+05  7.49100223e+05  1.91e-05 1.75e-01  1.12e-04  7768s
 398   7.49597843e+05  7.49110925e+05  1.75e-05 1.68e-01  1.04e-04  7781s
 399   7.49568920e+05  7.49136857e+05  1.57e-05 1.43e-01  9.22e-05  7798s
 400   7.49520952e+05  7.49150805e+05  1.27e-05 1.33e-01  7.75e-05  7810s
 401   7.49508985e+05  7.49159597e+05  1.20e-05 1.23e-01  7.31e-05  7822s
 402   7.49489417e+05  7.49175918e+05  1.07e-05 1.08e-01  6.56e-05  7833s
 403   7.49469865e+05  7.49191541e+05  9.50e-06 9.96e-02  5.81e-05  7848s
 404   7.49455639e+05  7.49208114e+05  8.64e-06 8.44e-02  5.19e-05  7867s
 405   7.49451788e+05  7.49213675e+05  8.41e-06 8.11e-02  5.00e-05  7885s
 406   7.49444689e+05  7.49217997e+05  7.99e-06 7.85e-02  4.75e-05  7903s
 407   7.49439236e+05  7.49222338e+05  7.66e-06 7.53e-02  4.55e-05  7919s
 408   7.49435845e+05  7.49225026e+05  7.46e-06 7.35e-02  4.42e-05  7936s
 409   7.49429558e+05  7.49234435e+05  7.08e-06 6.52e-02  4.11e-05  7959s
 410   7.49422190e+05  7.49238630e+05  6.65e-06 6.24e-02  3.86e-05  7978s
 411   7.49415960e+05  7.49242019e+05  6.28e-06 5.97e-02  3.65e-05  7992s
 412   7.49409627e+05  7.49244628e+05  5.91e-06 5.79e-02  3.45e-05  8008s
 413   7.49402699e+05  7.49250290e+05  5.49e-06 5.33e-02  3.19e-05  8034s
 414   7.49395216e+05  7.49259011e+05  5.03e-06 7.86e-02  2.86e-05  8047s
 415   7.49390599e+05  7.49267277e+05  4.75e-06 1.55e-01  2.61e-05  8060s
 416   7.49383543e+05  7.49273575e+05  4.32e-06 2.10e-01  2.34e-05  8073s
 417   7.49377248e+05  7.49277220e+05  3.94e-06 2.38e-01  2.13e-05  8085s
 418   7.49372789e+05  7.49279914e+05  3.69e-06 2.55e-01  1.98e-05  8098s
 419   7.49366168e+05  7.49282673e+05  3.32e-06 2.67e-01  1.77e-05  8112s
 420   7.49362060e+05  7.49284049e+05  3.08e-06 2.70e-01  1.64e-05  8129s
 421   7.49356956e+05  7.49286614e+05  2.79e-06 2.75e-01  1.48e-05  8141s
 422   7.49350532e+05  7.49288350e+05  2.42e-06 2.76e-01  1.29e-05  8160s
 423   7.49345756e+05  7.49290201e+05  3.31e-06 2.74e-01  1.15e-05  8175s
 424   7.49339897e+05  7.49293021e+05  2.77e-06 2.64e-01  9.64e-06  8189s
 425   7.49336343e+05  7.49295311e+05  2.45e-06 2.52e-01  8.42e-06  8205s
 426   7.49330279e+05  7.49297244e+05  1.88e-06 2.37e-01  6.67e-06  8219s
 427   7.49325578e+05  7.49299347e+05  1.95e-06 2.11e-01  5.22e-06  8243s
 428   7.49322937e+05  7.49301473e+05  1.66e-06 1.51e-01  4.24e-06  8256s
 429   7.49318804e+05  7.49302443e+05  9.35e-07 1.09e-01  3.11e-06  8269s
 430   7.49317376e+05  7.49303390e+05  8.64e-07 9.57e-02  2.61e-06  8280s
 431   7.49316067e+05  7.49303676e+05  1.03e-06 9.20e-02  2.26e-06  8290s
 432   7.49314155e+05  7.49304681e+05  1.20e-06 7.61e-02  1.65e-06  8313s
 433   7.49312329e+05  7.49305208e+05  1.17e-06 6.46e-02  1.14e-06  8327s
 434   7.49311453e+05  7.49305628e+05  1.12e-06 5.35e-02  8.65e-07  8339s
 435   7.49310418e+05  7.49305998e+05  9.00e-07 4.20e-02  5.64e-07  8350s
 436   7.49309971e+05  7.49306218e+05  1.26e-06 3.30e-02  4.24e-07  8361s
 437   7.49309933e+05  7.49306359e+05  1.22e-06 2.67e-02  3.92e-07  8369s
 438   7.49309838e+05  7.49306383e+05  1.13e-06 2.54e-02  3.66e-07  8381s
 439   7.49309713e+05  7.49306393e+05  1.02e-06 2.49e-02  3.36e-07  8400s
 440   7.49309528e+05  7.49306441e+05  8.52e-07 2.28e-02  2.85e-07  8411s
 441   7.49309367e+05  7.49306516e+05  7.06e-07 1.78e-02  2.35e-07  8421s
 442   7.49309172e+05  7.49306565e+05  5.28e-07 1.53e-02  1.82e-07  8436s
 443   7.49309098e+05  7.49306632e+05  4.61e-07 1.21e-02  1.54e-07  8446s
 444   7.49308917e+05  7.49306688e+05  3.24e-07 9.32e-03  1.04e-07  8463s
 445   7.49308832e+05  7.49306710e+05  2.61e-07 8.08e-03  8.05e-08  8477s
 446   7.49308750e+05  7.49306746e+05  2.61e-07 5.96e-03  5.57e-08  8488s
 447   7.49308691e+05  7.49306770e+05  2.61e-07 4.41e-03  3.84e-08  8496s
 448   7.49308667e+05  7.49306787e+05  2.61e-07 3.16e-03  3.02e-08  8507s
 449   7.49308656e+05  7.49306793e+05  1.47e-06 2.81e-03  2.66e-08  8526s
 450   7.49308633e+05  7.49306805e+05  1.07e-06 2.07e-03  1.94e-08  8535s
 451   7.49308621e+05  7.49306812e+05  8.43e-07 1.42e-03  1.55e-08  8545s
 452   7.49308615e+05  7.49306816e+05  7.43e-07 1.32e-03  1.36e-08  8557s
 453   7.49308605e+05  7.49306820e+05  3.92e-06 1.25e-03  1.08e-08  8568s
 454   7.49308605e+05  7.49306820e+05  3.92e-06 1.25e-03  1.08e-08  8578s
 455   7.49308602e+05  7.49306822e+05  2.99e-06 1.05e-03  9.70e-09  8589s
 456   7.49308596e+05  7.49306825e+05  2.32e-06 3.82e-04  7.78e-09  8603s
 457   7.49308595e+05  7.49306825e+05  2.22e-06 3.83e-04  7.61e-09  8615s
 458   7.49308593e+05  7.49306827e+05  1.97e-06 3.91e-04  6.69e-09  8629s
 459   7.49308593e+05  7.49306827e+05  1.97e-06 3.91e-04  6.69e-09  8641s
 460   7.49308589e+05  7.49306829e+05  1.63e-06 2.53e-04  5.48e-09  8654s

Barrier solved model in 460 iterations and 8654.02 seconds (5250.52 work units)
Optimal objective 7.49308589e+05


User-callback calls 114074, time in user-callback 11.30 sec
